26.11.2009 20:38:19 org.apache.catalina.core.AprLifecycleListener init
INFO: The APR based Apache Tomcat Native library which allows optimal performance in production environments was not found on the java.library.path: C:\Program Files (x86)\Java\jdk1.6.0_17\bin;.;C:\Windows\Sun\Java\bin;C:\Windows\system32;C:\Windows;C:\Windows\system32;C:\Windows;C:\Windows\System32\Wbem;C:\Windows\System32\WindowsPowerShell\v1.0\;C:\Program Files\Broadcom\Broadcom 802.11\Driver
26.11.2009 20:38:19 org.apache.coyote.http11.Http11Protocol init
INFO: Initializing Coyote HTTP/1.1 on http-8080
26.11.2009 20:38:19 org.apache.catalina.startup.Catalina load
INFO: Initialization processed in 513 ms
26.11.2009 20:38:19 org.apache.catalina.core.StandardService start
INFO: Starting service Catalina
26.11.2009 20:38:19 org.apache.catalina.core.StandardEngine start
INFO: Starting Servlet Engine: Apache Tomcat/6.0.20
26.11.2009 20:38:20 org.apache.coyote.http11.Http11Protocol start
INFO: Starting Coyote HTTP/1.1 on http-8080
26.11.2009 20:38:20 org.apache.jk.common.ChannelSocket init
INFO: JK: ajp13 listening on /0.0.0.0:8009
26.11.2009 20:38:20 org.apache.jk.server.JkMain start
INFO: Jk running ID=0 time=0/31  config=null
26.11.2009 20:38:20 org.apache.catalina.startup.Catalina start
INFO: Server startup in 1495 ms
26.11.2009 20:40:58 org.apache.coyote.http11.Http11Protocol pause
INFO: Pausing Coyote HTTP/1.1 on http-8080
26.11.2009 20:40:59 org.apache.catalina.core.StandardService stop
INFO: Stopping service Catalina
26.11.2009 20:40:59 org.apache.coyote.http11.Http11Protocol destroy
INFO: Stopping Coyote HTTP/1.1 on http-8080
26.11.2009 22:16:30 org.apache.catalina.core.AprLifecycleListener init
INFO: The APR based Apache Tomcat Native library which allows optimal performance in production environments was not found on the java.library.path: C:\Program Files (x86)\Java\jdk1.6.0_17\bin;.;C:\Windows\Sun\Java\bin;C:\Windows\system32;C:\Windows;C:\Windows\system32;C:\Windows;C:\Windows\System32\Wbem;C:\Windows\System32\WindowsPowerShell\v1.0\;C:\Program Files\Broadcom\Broadcom 802.11\Driver
26.11.2009 22:16:31 org.apache.coyote.http11.Http11Protocol init
INFO: Initializing Coyote HTTP/1.1 on http-8080
26.11.2009 22:16:31 org.apache.catalina.startup.Catalina load
INFO: Initialization processed in 405 ms
26.11.2009 22:16:31 org.apache.catalina.core.StandardService start
INFO: Starting service Catalina
26.11.2009 22:16:31 org.apache.catalina.core.StandardEngine start
INFO: Starting Servlet Engine: Apache Tomcat/6.0.20
26.11.2009 22:16:31 org.apache.coyote.http11.Http11Protocol start
INFO: Starting Coyote HTTP/1.1 on http-8080
26.11.2009 22:16:31 org.apache.jk.common.ChannelSocket init
INFO: JK: ajp13 listening on /0.0.0.0:8009
26.11.2009 22:16:31 org.apache.jk.server.JkMain start
INFO: Jk running ID=0 time=0/24  config=null
26.11.2009 22:16:31 org.apache.catalina.startup.Catalina start
INFO: Server startup in 595 ms
