Apr 27, 2011 6:57:18 PM org.apache.catalina.core.AprLifecycleListener init
INFO: The APR based Apache Tomcat Native library which allows optimal performance in production environments was not found on the java.library.path: C:\Program Files\Java\jdk1.6.0_24\bin;.;C:\Windows\Sun\Java\bin;C:\Windows\system32;C:\Windows;C:\Windows\system32;C:\Windows;C:\Windows\System32\Wbem;C:\Windows\System32\WindowsPowerShell\v1.0\;C:\Program Files\Broadcom\Broadcom 802.11\Driver;C:\Program Files\ATI Technologies\ATI.ACE\Core-Static;C:\Program Files\QT Lite\QTSystem
Apr 27, 2011 6:57:18 PM org.apache.coyote.http11.Http11Protocol init
INFO: Initializing Coyote HTTP/1.1 on http-8080
Apr 27, 2011 6:57:18 PM org.apache.catalina.startup.Catalina load
INFO: Initialization processed in 732 ms
Apr 27, 2011 6:57:18 PM org.apache.catalina.core.StandardService start
INFO: Starting service Catalina
Apr 27, 2011 6:57:18 PM org.apache.catalina.core.StandardEngine start
INFO: Starting Servlet Engine: Apache Tomcat/6.0.20
Apr 27, 2011 6:57:18 PM org.apache.catalina.core.StandardContext resourcesStart
SEVERE: Error starting static Resources
java.lang.IllegalArgumentException: Document base D:\tmp\tomcat\webapps\host-manager does not exist or is not a readable directory
	at org.apache.naming.resources.FileDirContext.setDocBase(FileDirContext.java:142)
	at org.apache.catalina.core.StandardContext.resourcesStart(StandardContext.java:4048)
	at org.apache.catalina.core.StandardContext.start(StandardContext.java:4217)
	at org.apache.catalina.core.ContainerBase.addChildInternal(ContainerBase.java:791)
	at org.apache.catalina.core.ContainerBase.addChild(ContainerBase.java:771)
	at org.apache.catalina.core.StandardHost.addChild(StandardHost.java:526)
	at org.apache.catalina.startup.HostConfig.deployDescriptor(HostConfig.java:630)
	at org.apache.catalina.startup.HostConfig.deployDescriptors(HostConfig.java:556)
	at org.apache.catalina.startup.HostConfig.deployApps(HostConfig.java:491)
	at org.apache.catalina.startup.HostConfig.start(HostConfig.java:1206)
	at org.apache.catalina.startup.HostConfig.lifecycleEvent(HostConfig.java:314)
	at org.apache.catalina.util.LifecycleSupport.fireLifecycleEvent(LifecycleSupport.java:119)
	at org.apache.catalina.core.ContainerBase.start(ContainerBase.java:1053)
	at org.apache.catalina.core.StandardHost.start(StandardHost.java:722)
	at org.apache.catalina.core.ContainerBase.start(ContainerBase.java:1045)
	at org.apache.catalina.core.StandardEngine.start(StandardEngine.java:443)
	at org.apache.catalina.core.StandardService.start(StandardService.java:516)
	at org.apache.catalina.core.StandardServer.start(StandardServer.java:710)
	at org.apache.catalina.startup.Catalina.start(Catalina.java:583)
	at sun.reflect.NativeMethodAccessorImpl.invoke0(Native Method)
	at sun.reflect.NativeMethodAccessorImpl.invoke(NativeMethodAccessorImpl.java:39)
	at sun.reflect.DelegatingMethodAccessorImpl.invoke(DelegatingMethodAccessorImpl.java:25)
	at java.lang.reflect.Method.invoke(Method.java:597)
	at org.apache.catalina.startup.Bootstrap.start(Bootstrap.java:288)
	at org.apache.catalina.startup.Bootstrap.main(Bootstrap.java:413)
Apr 27, 2011 6:57:18 PM org.apache.catalina.core.StandardContext start
SEVERE: Error in resourceStart()
Apr 27, 2011 6:57:18 PM org.apache.catalina.core.StandardContext start
SEVERE: Error getConfigured
Apr 27, 2011 6:57:18 PM org.apache.catalina.core.StandardContext start
SEVERE: Context [/host-manager] startup failed due to previous errors
Apr 27, 2011 6:57:18 PM org.apache.catalina.core.StandardContext stop
INFO: Container org.apache.catalina.core.ContainerBase.[Catalina].[localhost].[/host-manager] has not been started
Apr 27, 2011 6:57:18 PM org.apache.catalina.core.StandardContext resourcesStart
SEVERE: Error starting static Resources
java.lang.IllegalArgumentException: Document base D:\tmp\tomcat\webapps\manager does not exist or is not a readable directory
	at org.apache.naming.resources.FileDirContext.setDocBase(FileDirContext.java:142)
	at org.apache.catalina.core.StandardContext.resourcesStart(StandardContext.java:4048)
	at org.apache.catalina.core.StandardContext.start(StandardContext.java:4217)
	at org.apache.catalina.core.ContainerBase.addChildInternal(ContainerBase.java:791)
	at org.apache.catalina.core.ContainerBase.addChild(ContainerBase.java:771)
	at org.apache.catalina.core.StandardHost.addChild(StandardHost.java:526)
	at org.apache.catalina.startup.HostConfig.deployDescriptor(HostConfig.java:630)
	at org.apache.catalina.startup.HostConfig.deployDescriptors(HostConfig.java:556)
	at org.apache.catalina.startup.HostConfig.deployApps(HostConfig.java:491)
	at org.apache.catalina.startup.HostConfig.start(HostConfig.java:1206)
	at org.apache.catalina.startup.HostConfig.lifecycleEvent(HostConfig.java:314)
	at org.apache.catalina.util.LifecycleSupport.fireLifecycleEvent(LifecycleSupport.java:119)
	at org.apache.catalina.core.ContainerBase.start(ContainerBase.java:1053)
	at org.apache.catalina.core.StandardHost.start(StandardHost.java:722)
	at org.apache.catalina.core.ContainerBase.start(ContainerBase.java:1045)
	at org.apache.catalina.core.StandardEngine.start(StandardEngine.java:443)
	at org.apache.catalina.core.StandardService.start(StandardService.java:516)
	at org.apache.catalina.core.StandardServer.start(StandardServer.java:710)
	at org.apache.catalina.startup.Catalina.start(Catalina.java:583)
	at sun.reflect.NativeMethodAccessorImpl.invoke0(Native Method)
	at sun.reflect.NativeMethodAccessorImpl.invoke(NativeMethodAccessorImpl.java:39)
	at sun.reflect.DelegatingMethodAccessorImpl.invoke(DelegatingMethodAccessorImpl.java:25)
	at java.lang.reflect.Method.invoke(Method.java:597)
	at org.apache.catalina.startup.Bootstrap.start(Bootstrap.java:288)
	at org.apache.catalina.startup.Bootstrap.main(Bootstrap.java:413)
Apr 27, 2011 6:57:18 PM org.apache.catalina.core.StandardContext start
SEVERE: Error in resourceStart()
Apr 27, 2011 6:57:18 PM org.apache.catalina.core.StandardContext start
SEVERE: Error getConfigured
Apr 27, 2011 6:57:18 PM org.apache.catalina.core.StandardContext start
SEVERE: Context [/manager] startup failed due to previous errors
Apr 27, 2011 6:57:18 PM org.apache.catalina.core.StandardContext stop
INFO: Container org.apache.catalina.core.ContainerBase.[Catalina].[localhost].[/manager] has not been started
Apr 27, 2011 6:57:18 PM org.apache.catalina.startup.HostConfig deployWAR
INFO: Deploying web application archive WorkflowManagementSystem.war
Apr 27, 2011 6:57:21 PM org.apache.catalina.core.StandardContext addApplicationListener
INFO: The listener "com.sun.faces.config.ConfigureListener" is already configured for this context. The duplicate definition has been ignored.
Apr 27, 2011 6:57:21 PM com.sun.faces.config.ConfigureListener contextInitialized
INFO: Initializing Mojarra 2.0.2 (FCS b10) for context '/WorkflowManagementSystem'
Apr 27, 2011 6:57:23 PM com.sun.faces.config.processor.FaceletTaglibConfigProcessor processComponent
WARNING: JSF1029:  Application is versioned at 2.0 (either explicitly by the version of /WEB-INF/faces-config.xml or the lack of a /WEB-INF/faces-confg.xml), however class 'org.apache.myfaces.custom.aliasbean.AliasBeanTagHandler' depends on a legacy facelet class.  The facelet artifact represented by this class will not be registered.
Apr 27, 2011 6:57:23 PM com.sun.faces.config.processor.FaceletTaglibConfigProcessor processComponent
WARNING: JSF1029:  Application is versioned at 2.0 (either explicitly by the version of /WEB-INF/faces-config.xml or the lack of a /WEB-INF/faces-confg.xml), however class 'org.apache.myfaces.custom.aliasbean.AliasBeansScopeTagHandler' depends on a legacy facelet class.  The facelet artifact represented by this class will not be registered.
Apr 27, 2011 6:57:23 PM com.sun.faces.config.processor.FaceletTaglibConfigProcessor processComponent
WARNING: JSF1029:  Application is versioned at 2.0 (either explicitly by the version of /WEB-INF/faces-config.xml or the lack of a /WEB-INF/faces-confg.xml), however class 'org.apache.myfaces.custom.schedule.ScheduleTagHandler' depends on a legacy facelet class.  The facelet artifact represented by this class will not be registered.
Apr 27, 2011 6:57:23 PM com.sun.faces.config.processor.FaceletTaglibConfigProcessor processComponent
WARNING: JSF1029:  Application is versioned at 2.0 (either explicitly by the version of /WEB-INF/faces-config.xml or the lack of a /WEB-INF/faces-confg.xml), however class 'org.apache.myfaces.custom.tabbedpane.HtmlPanelTabbedPaneTagHandler' depends on a legacy facelet class.  The facelet artifact represented by this class will not be registered.
Apr 27, 2011 6:57:23 PM com.sun.faces.config.processor.FaceletTaglibConfigProcessor processComponent
WARNING: JSF1029:  Application is versioned at 2.0 (either explicitly by the version of /WEB-INF/faces-config.xml or the lack of a /WEB-INF/faces-confg.xml), however class 'org.apache.myfaces.custom.tree.taglib.TreeTagHandler' depends on a legacy facelet class.  The facelet artifact represented by this class will not be registered.
Apr 27, 2011 6:57:23 PM com.sun.faces.config.processor.FaceletTaglibConfigProcessor processHandlerClass
WARNING: JSF1029:  Application is versioned at 2.0 (either explicitly by the version of /WEB-INF/faces-config.xml or the lack of a /WEB-INF/faces-confg.xml), however class '[handler-class: null]' depends on a legacy facelet class.  The facelet artifact represented by this class will not be registered.
Apr 27, 2011 6:57:23 PM com.sun.faces.config.processor.FaceletTaglibConfigProcessor processHandlerClass
WARNING: JSF1029:  Application is versioned at 2.0 (either explicitly by the version of /WEB-INF/faces-config.xml or the lack of a /WEB-INF/faces-confg.xml), however class '[handler-class: null]' depends on a legacy facelet class.  The facelet artifact represented by this class will not be registered.
Apr 27, 2011 6:57:23 PM com.sun.faces.config.processor.FaceletTaglibConfigProcessor processHandlerClass
WARNING: JSF1029:  Application is versioned at 2.0 (either explicitly by the version of /WEB-INF/faces-config.xml or the lack of a /WEB-INF/faces-confg.xml), however class '[handler-class: null]' depends on a legacy facelet class.  The facelet artifact represented by this class will not be registered.
Apr 27, 2011 6:57:23 PM com.sun.faces.config.processor.FaceletTaglibConfigProcessor processHandlerClass
WARNING: JSF1029:  Application is versioned at 2.0 (either explicitly by the version of /WEB-INF/faces-config.xml or the lack of a /WEB-INF/faces-confg.xml), however class '[handler-class: null]' depends on a legacy facelet class.  The facelet artifact represented by this class will not be registered.
Apr 27, 2011 6:57:23 PM org.apache.coyote.http11.Http11Protocol start
INFO: Starting Coyote HTTP/1.1 on http-8080
Apr 27, 2011 6:57:23 PM org.apache.jk.common.ChannelSocket init
INFO: JK: ajp13 listening on /0.0.0.0:8009
Apr 27, 2011 6:57:23 PM org.apache.jk.server.JkMain start
INFO: Jk running ID=0 time=0/32  config=null
Apr 27, 2011 6:57:23 PM org.apache.catalina.startup.Catalina start
INFO: Server startup in 5201 ms
Apr 27, 2011 6:57:30 PM org.apache.coyote.http11.Http11Protocol pause
INFO: Pausing Coyote HTTP/1.1 on http-8080
Apr 27, 2011 6:57:31 PM org.apache.catalina.core.StandardService stop
INFO: Stopping service Catalina
Apr 27, 2011 6:57:32 PM org.apache.coyote.http11.Http11Protocol destroy
INFO: Stopping Coyote HTTP/1.1 on http-8080
27.4.2011 20:27:28 org.apache.catalina.core.AprLifecycleListener init
INFO: The APR based Apache Tomcat Native library which allows optimal performance in production environments was not found on the java.library.path: C:\Progra~1\Java\jre6\bin;.;C:\Windows\Sun\Java\bin;C:\Windows\system32;C:\Windows;C:\Windows\system32;C:\Windows;C:\Windows\System32\Wbem;C:\PROGRA~1\COMMON~1\ULEADS~1\MPEG;C:\Windows\System32\WindowsPowerShell\v1.0\;c:\Program Files\Microsoft SQL Server\100\Tools\Binn\;c:\Program Files\Microsoft SQL Server\100\DTS\Binn\;c:\Program Files\Microsoft SQL Server\100\Tools\Binn\VSShell\Common7\IDE\;C:\Program Files\Subversion\bin;C:\Program Files\TortoiseSVN\bin;C:\cygwin\bin
27.4.2011 20:27:29 org.apache.coyote.http11.Http11Protocol init
INFO: Initializing Coyote HTTP/1.1 on http-8080
27.4.2011 20:27:29 org.apache.catalina.startup.Catalina load
INFO: Initialization processed in 8760 ms
27.4.2011 20:27:30 org.apache.catalina.core.StandardService start
INFO: Starting service Catalina
27.4.2011 20:27:30 org.apache.catalina.core.StandardEngine start
INFO: Starting Servlet Engine: Apache Tomcat/6.0.20
27.4.2011 20:27:30 org.apache.catalina.core.StandardContext resourcesStart
SEVERE: Error starting static Resources
java.lang.IllegalArgumentException: Document base C:\Users\JONNY\Desktop\pneditor-new\trunk\pneditor2\tomcat\webapps\host-manager does not exist or is not a readable directory
	at org.apache.naming.resources.FileDirContext.setDocBase(FileDirContext.java:142)
	at org.apache.catalina.core.StandardContext.resourcesStart(StandardContext.java:4048)
	at org.apache.catalina.core.StandardContext.start(StandardContext.java:4217)
	at org.apache.catalina.core.ContainerBase.addChildInternal(ContainerBase.java:791)
	at org.apache.catalina.core.ContainerBase.addChild(ContainerBase.java:771)
	at org.apache.catalina.core.StandardHost.addChild(StandardHost.java:526)
	at org.apache.catalina.startup.HostConfig.deployDescriptor(HostConfig.java:630)
	at org.apache.catalina.startup.HostConfig.deployDescriptors(HostConfig.java:556)
	at org.apache.catalina.startup.HostConfig.deployApps(HostConfig.java:491)
	at org.apache.catalina.startup.HostConfig.start(HostConfig.java:1206)
	at org.apache.catalina.startup.HostConfig.lifecycleEvent(HostConfig.java:314)
	at org.apache.catalina.util.LifecycleSupport.fireLifecycleEvent(LifecycleSupport.java:119)
	at org.apache.catalina.core.ContainerBase.start(ContainerBase.java:1053)
	at org.apache.catalina.core.StandardHost.start(StandardHost.java:722)
	at org.apache.catalina.core.ContainerBase.start(ContainerBase.java:1045)
	at org.apache.catalina.core.StandardEngine.start(StandardEngine.java:443)
	at org.apache.catalina.core.StandardService.start(StandardService.java:516)
	at org.apache.catalina.core.StandardServer.start(StandardServer.java:710)
	at org.apache.catalina.startup.Catalina.start(Catalina.java:583)
	at sun.reflect.NativeMethodAccessorImpl.invoke0(Native Method)
	at sun.reflect.NativeMethodAccessorImpl.invoke(Unknown Source)
	at sun.reflect.DelegatingMethodAccessorImpl.invoke(Unknown Source)
	at java.lang.reflect.Method.invoke(Unknown Source)
	at org.apache.catalina.startup.Bootstrap.start(Bootstrap.java:288)
	at org.apache.catalina.startup.Bootstrap.main(Bootstrap.java:413)
27.4.2011 20:27:30 org.apache.catalina.core.StandardContext start
SEVERE: Error in resourceStart()
27.4.2011 20:27:31 org.apache.catalina.core.StandardContext start
SEVERE: Error getConfigured
27.4.2011 20:27:31 org.apache.catalina.core.StandardContext start
SEVERE: Context [/host-manager] startup failed due to previous errors
27.4.2011 20:27:31 org.apache.catalina.core.StandardContext stop
INFO: Container org.apache.catalina.core.ContainerBase.[Catalina].[localhost].[/host-manager] has not been started
27.4.2011 20:27:31 org.apache.catalina.core.StandardContext resourcesStart
SEVERE: Error starting static Resources
java.lang.IllegalArgumentException: Document base C:\Users\JONNY\Desktop\pneditor-new\trunk\pneditor2\tomcat\webapps\manager does not exist or is not a readable directory
	at org.apache.naming.resources.FileDirContext.setDocBase(FileDirContext.java:142)
	at org.apache.catalina.core.StandardContext.resourcesStart(StandardContext.java:4048)
	at org.apache.catalina.core.StandardContext.start(StandardContext.java:4217)
	at org.apache.catalina.core.ContainerBase.addChildInternal(ContainerBase.java:791)
	at org.apache.catalina.core.ContainerBase.addChild(ContainerBase.java:771)
	at org.apache.catalina.core.StandardHost.addChild(StandardHost.java:526)
	at org.apache.catalina.startup.HostConfig.deployDescriptor(HostConfig.java:630)
	at org.apache.catalina.startup.HostConfig.deployDescriptors(HostConfig.java:556)
	at org.apache.catalina.startup.HostConfig.deployApps(HostConfig.java:491)
	at org.apache.catalina.startup.HostConfig.start(HostConfig.java:1206)
	at org.apache.catalina.startup.HostConfig.lifecycleEvent(HostConfig.java:314)
	at org.apache.catalina.util.LifecycleSupport.fireLifecycleEvent(LifecycleSupport.java:119)
	at org.apache.catalina.core.ContainerBase.start(ContainerBase.java:1053)
	at org.apache.catalina.core.StandardHost.start(StandardHost.java:722)
	at org.apache.catalina.core.ContainerBase.start(ContainerBase.java:1045)
	at org.apache.catalina.core.StandardEngine.start(StandardEngine.java:443)
	at org.apache.catalina.core.StandardService.start(StandardService.java:516)
	at org.apache.catalina.core.StandardServer.start(StandardServer.java:710)
	at org.apache.catalina.startup.Catalina.start(Catalina.java:583)
	at sun.reflect.NativeMethodAccessorImpl.invoke0(Native Method)
	at sun.reflect.NativeMethodAccessorImpl.invoke(Unknown Source)
	at sun.reflect.DelegatingMethodAccessorImpl.invoke(Unknown Source)
	at java.lang.reflect.Method.invoke(Unknown Source)
	at org.apache.catalina.startup.Bootstrap.start(Bootstrap.java:288)
	at org.apache.catalina.startup.Bootstrap.main(Bootstrap.java:413)
27.4.2011 20:27:31 org.apache.catalina.core.StandardContext start
SEVERE: Error in resourceStart()
27.4.2011 20:27:31 org.apache.catalina.core.StandardContext start
SEVERE: Error getConfigured
27.4.2011 20:27:31 org.apache.catalina.core.StandardContext start
SEVERE: Context [/manager] startup failed due to previous errors
27.4.2011 20:27:31 org.apache.catalina.core.StandardContext stop
INFO: Container org.apache.catalina.core.ContainerBase.[Catalina].[localhost].[/manager] has not been started
27.4.2011 20:27:33 org.apache.catalina.core.StandardContext addApplicationListener
INFO: The listener "com.sun.faces.config.ConfigureListener" is already configured for this context. The duplicate definition has been ignored.
27.4.2011 20:27:37 com.sun.faces.config.ConfigureListener contextInitialized
INFO: Initializing Mojarra 2.0.2 (FCS b10) for context '/WorkflowManagementSystem'
27.4.2011 20:27:53 com.sun.faces.config.processor.FaceletTaglibConfigProcessor processComponent
WARNING: JSF1029:  Application is versioned at 2.0 (either explicitly by the version of /WEB-INF/faces-config.xml or the lack of a /WEB-INF/faces-confg.xml), however class 'org.apache.myfaces.custom.aliasbean.AliasBeanTagHandler' depends on a legacy facelet class.  The facelet artifact represented by this class will not be registered.
27.4.2011 20:27:53 com.sun.faces.config.processor.FaceletTaglibConfigProcessor processComponent
WARNING: JSF1029:  Application is versioned at 2.0 (either explicitly by the version of /WEB-INF/faces-config.xml or the lack of a /WEB-INF/faces-confg.xml), however class 'org.apache.myfaces.custom.aliasbean.AliasBeansScopeTagHandler' depends on a legacy facelet class.  The facelet artifact represented by this class will not be registered.
27.4.2011 20:27:53 com.sun.faces.config.processor.FaceletTaglibConfigProcessor processComponent
WARNING: JSF1029:  Application is versioned at 2.0 (either explicitly by the version of /WEB-INF/faces-config.xml or the lack of a /WEB-INF/faces-confg.xml), however class 'org.apache.myfaces.custom.schedule.ScheduleTagHandler' depends on a legacy facelet class.  The facelet artifact represented by this class will not be registered.
27.4.2011 20:27:53 com.sun.faces.config.processor.FaceletTaglibConfigProcessor processComponent
WARNING: JSF1029:  Application is versioned at 2.0 (either explicitly by the version of /WEB-INF/faces-config.xml or the lack of a /WEB-INF/faces-confg.xml), however class 'org.apache.myfaces.custom.tabbedpane.HtmlPanelTabbedPaneTagHandler' depends on a legacy facelet class.  The facelet artifact represented by this class will not be registered.
27.4.2011 20:27:53 com.sun.faces.config.processor.FaceletTaglibConfigProcessor processComponent
WARNING: JSF1029:  Application is versioned at 2.0 (either explicitly by the version of /WEB-INF/faces-config.xml or the lack of a /WEB-INF/faces-confg.xml), however class 'org.apache.myfaces.custom.tree.taglib.TreeTagHandler' depends on a legacy facelet class.  The facelet artifact represented by this class will not be registered.
27.4.2011 20:27:53 com.sun.faces.config.processor.FaceletTaglibConfigProcessor processHandlerClass
WARNING: JSF1029:  Application is versioned at 2.0 (either explicitly by the version of /WEB-INF/faces-config.xml or the lack of a /WEB-INF/faces-confg.xml), however class '[handler-class: null]' depends on a legacy facelet class.  The facelet artifact represented by this class will not be registered.
27.4.2011 20:27:54 com.sun.faces.config.processor.FaceletTaglibConfigProcessor processHandlerClass
WARNING: JSF1029:  Application is versioned at 2.0 (either explicitly by the version of /WEB-INF/faces-config.xml or the lack of a /WEB-INF/faces-confg.xml), however class '[handler-class: null]' depends on a legacy facelet class.  The facelet artifact represented by this class will not be registered.
27.4.2011 20:27:54 com.sun.faces.config.processor.FaceletTaglibConfigProcessor processHandlerClass
WARNING: JSF1029:  Application is versioned at 2.0 (either explicitly by the version of /WEB-INF/faces-config.xml or the lack of a /WEB-INF/faces-confg.xml), however class '[handler-class: null]' depends on a legacy facelet class.  The facelet artifact represented by this class will not be registered.
27.4.2011 20:27:54 com.sun.faces.config.processor.FaceletTaglibConfigProcessor processHandlerClass
WARNING: JSF1029:  Application is versioned at 2.0 (either explicitly by the version of /WEB-INF/faces-config.xml or the lack of a /WEB-INF/faces-confg.xml), however class '[handler-class: null]' depends on a legacy facelet class.  The facelet artifact represented by this class will not be registered.
27.4.2011 20:27:54 org.apache.coyote.http11.Http11Protocol start
INFO: Starting Coyote HTTP/1.1 on http-8080
27.4.2011 20:27:54 org.apache.jk.common.ChannelSocket init
INFO: JK: ajp13 listening on /0.0.0.0:8009
27.4.2011 20:27:54 org.apache.jk.server.JkMain start
INFO: Jk running ID=0 time=0/129  config=null
27.4.2011 20:27:54 org.apache.catalina.startup.Catalina start
INFO: Server startup in 24711 ms
27.4.2011 20:31:34 org.apache.coyote.http11.Http11Protocol pause
INFO: Pausing Coyote HTTP/1.1 on http-8080
27.4.2011 20:31:35 org.apache.catalina.core.StandardService stop
INFO: Stopping service Catalina
27.4.2011 20:31:37 org.apache.coyote.http11.Http11Protocol destroy
INFO: Stopping Coyote HTTP/1.1 on http-8080
27.4.2011 20:54:36 org.apache.catalina.core.AprLifecycleListener init
INFO: The APR based Apache Tomcat Native library which allows optimal performance in production environments was not found on the java.library.path: C:\Progra~1\Java\jre6\bin;.;C:\Windows\Sun\Java\bin;C:\Windows\system32;C:\Windows;C:\Windows\system32;C:\Windows;C:\Windows\System32\Wbem;C:\PROGRA~1\COMMON~1\ULEADS~1\MPEG;C:\Windows\System32\WindowsPowerShell\v1.0\;c:\Program Files\Microsoft SQL Server\100\Tools\Binn\;c:\Program Files\Microsoft SQL Server\100\DTS\Binn\;c:\Program Files\Microsoft SQL Server\100\Tools\Binn\VSShell\Common7\IDE\;C:\Program Files\Subversion\bin;C:\Program Files\TortoiseSVN\bin;C:\cygwin\bin
27.4.2011 20:54:36 org.apache.coyote.http11.Http11Protocol init
INFO: Initializing Coyote HTTP/1.1 on http-8080
27.4.2011 20:54:36 org.apache.catalina.startup.Catalina load
INFO: Initialization processed in 477 ms
27.4.2011 20:54:36 org.apache.catalina.core.StandardService start
INFO: Starting service Catalina
27.4.2011 20:54:36 org.apache.catalina.core.StandardEngine start
INFO: Starting Servlet Engine: Apache Tomcat/6.0.20
27.4.2011 20:54:36 org.apache.catalina.core.StandardContext resourcesStart
SEVERE: Error starting static Resources
java.lang.IllegalArgumentException: Document base C:\Users\JONNY\Desktop\pneditor-new\trunk\pneditor2\tomcat\webapps\host-manager does not exist or is not a readable directory
	at org.apache.naming.resources.FileDirContext.setDocBase(FileDirContext.java:142)
	at org.apache.catalina.core.StandardContext.resourcesStart(StandardContext.java:4048)
	at org.apache.catalina.core.StandardContext.start(StandardContext.java:4217)
	at org.apache.catalina.core.ContainerBase.addChildInternal(ContainerBase.java:791)
	at org.apache.catalina.core.ContainerBase.addChild(ContainerBase.java:771)
	at org.apache.catalina.core.StandardHost.addChild(StandardHost.java:526)
	at org.apache.catalina.startup.HostConfig.deployDescriptor(HostConfig.java:630)
	at org.apache.catalina.startup.HostConfig.deployDescriptors(HostConfig.java:556)
	at org.apache.catalina.startup.HostConfig.deployApps(HostConfig.java:491)
	at org.apache.catalina.startup.HostConfig.start(HostConfig.java:1206)
	at org.apache.catalina.startup.HostConfig.lifecycleEvent(HostConfig.java:314)
	at org.apache.catalina.util.LifecycleSupport.fireLifecycleEvent(LifecycleSupport.java:119)
	at org.apache.catalina.core.ContainerBase.start(ContainerBase.java:1053)
	at org.apache.catalina.core.StandardHost.start(StandardHost.java:722)
	at org.apache.catalina.core.ContainerBase.start(ContainerBase.java:1045)
	at org.apache.catalina.core.StandardEngine.start(StandardEngine.java:443)
	at org.apache.catalina.core.StandardService.start(StandardService.java:516)
	at org.apache.catalina.core.StandardServer.start(StandardServer.java:710)
	at org.apache.catalina.startup.Catalina.start(Catalina.java:583)
	at sun.reflect.NativeMethodAccessorImpl.invoke0(Native Method)
	at sun.reflect.NativeMethodAccessorImpl.invoke(Unknown Source)
	at sun.reflect.DelegatingMethodAccessorImpl.invoke(Unknown Source)
	at java.lang.reflect.Method.invoke(Unknown Source)
	at org.apache.catalina.startup.Bootstrap.start(Bootstrap.java:288)
	at org.apache.catalina.startup.Bootstrap.main(Bootstrap.java:413)
27.4.2011 20:54:36 org.apache.catalina.core.StandardContext start
SEVERE: Error in resourceStart()
27.4.2011 20:54:36 org.apache.catalina.core.StandardContext start
SEVERE: Error getConfigured
27.4.2011 20:54:36 org.apache.catalina.core.StandardContext start
SEVERE: Context [/host-manager] startup failed due to previous errors
27.4.2011 20:54:36 org.apache.catalina.core.StandardContext stop
INFO: Container org.apache.catalina.core.ContainerBase.[Catalina].[localhost].[/host-manager] has not been started
27.4.2011 20:54:36 org.apache.catalina.core.StandardContext resourcesStart
SEVERE: Error starting static Resources
java.lang.IllegalArgumentException: Document base C:\Users\JONNY\Desktop\pneditor-new\trunk\pneditor2\tomcat\webapps\manager does not exist or is not a readable directory
	at org.apache.naming.resources.FileDirContext.setDocBase(FileDirContext.java:142)
	at org.apache.catalina.core.StandardContext.resourcesStart(StandardContext.java:4048)
	at org.apache.catalina.core.StandardContext.start(StandardContext.java:4217)
	at org.apache.catalina.core.ContainerBase.addChildInternal(ContainerBase.java:791)
	at org.apache.catalina.core.ContainerBase.addChild(ContainerBase.java:771)
	at org.apache.catalina.core.StandardHost.addChild(StandardHost.java:526)
	at org.apache.catalina.startup.HostConfig.deployDescriptor(HostConfig.java:630)
	at org.apache.catalina.startup.HostConfig.deployDescriptors(HostConfig.java:556)
	at org.apache.catalina.startup.HostConfig.deployApps(HostConfig.java:491)
	at org.apache.catalina.startup.HostConfig.start(HostConfig.java:1206)
	at org.apache.catalina.startup.HostConfig.lifecycleEvent(HostConfig.java:314)
	at org.apache.catalina.util.LifecycleSupport.fireLifecycleEvent(LifecycleSupport.java:119)
	at org.apache.catalina.core.ContainerBase.start(ContainerBase.java:1053)
	at org.apache.catalina.core.StandardHost.start(StandardHost.java:722)
	at org.apache.catalina.core.ContainerBase.start(ContainerBase.java:1045)
	at org.apache.catalina.core.StandardEngine.start(StandardEngine.java:443)
	at org.apache.catalina.core.StandardService.start(StandardService.java:516)
	at org.apache.catalina.core.StandardServer.start(StandardServer.java:710)
	at org.apache.catalina.startup.Catalina.start(Catalina.java:583)
	at sun.reflect.NativeMethodAccessorImpl.invoke0(Native Method)
	at sun.reflect.NativeMethodAccessorImpl.invoke(Unknown Source)
	at sun.reflect.DelegatingMethodAccessorImpl.invoke(Unknown Source)
	at java.lang.reflect.Method.invoke(Unknown Source)
	at org.apache.catalina.startup.Bootstrap.start(Bootstrap.java:288)
	at org.apache.catalina.startup.Bootstrap.main(Bootstrap.java:413)
27.4.2011 20:54:36 org.apache.catalina.core.StandardContext start
SEVERE: Error in resourceStart()
27.4.2011 20:54:36 org.apache.catalina.core.StandardContext start
SEVERE: Error getConfigured
27.4.2011 20:54:36 org.apache.catalina.core.StandardContext start
SEVERE: Context [/manager] startup failed due to previous errors
27.4.2011 20:54:36 org.apache.catalina.core.StandardContext stop
INFO: Container org.apache.catalina.core.ContainerBase.[Catalina].[localhost].[/manager] has not been started
27.4.2011 20:54:37 org.apache.catalina.core.StandardContext addApplicationListener
INFO: The listener "com.sun.faces.config.ConfigureListener" is already configured for this context. The duplicate definition has been ignored.
27.4.2011 20:54:37 com.sun.faces.config.ConfigureListener contextInitialized
INFO: Initializing Mojarra 2.0.2 (FCS b10) for context '/wfms'
27.4.2011 20:54:39 com.sun.faces.config.processor.FaceletTaglibConfigProcessor processComponent
WARNING: JSF1029:  Application is versioned at 2.0 (either explicitly by the version of /WEB-INF/faces-config.xml or the lack of a /WEB-INF/faces-confg.xml), however class 'org.apache.myfaces.custom.aliasbean.AliasBeanTagHandler' depends on a legacy facelet class.  The facelet artifact represented by this class will not be registered.
27.4.2011 20:54:39 com.sun.faces.config.processor.FaceletTaglibConfigProcessor processComponent
WARNING: JSF1029:  Application is versioned at 2.0 (either explicitly by the version of /WEB-INF/faces-config.xml or the lack of a /WEB-INF/faces-confg.xml), however class 'org.apache.myfaces.custom.aliasbean.AliasBeansScopeTagHandler' depends on a legacy facelet class.  The facelet artifact represented by this class will not be registered.
27.4.2011 20:54:39 com.sun.faces.config.processor.FaceletTaglibConfigProcessor processComponent
WARNING: JSF1029:  Application is versioned at 2.0 (either explicitly by the version of /WEB-INF/faces-config.xml or the lack of a /WEB-INF/faces-confg.xml), however class 'org.apache.myfaces.custom.schedule.ScheduleTagHandler' depends on a legacy facelet class.  The facelet artifact represented by this class will not be registered.
27.4.2011 20:54:39 com.sun.faces.config.processor.FaceletTaglibConfigProcessor processComponent
WARNING: JSF1029:  Application is versioned at 2.0 (either explicitly by the version of /WEB-INF/faces-config.xml or the lack of a /WEB-INF/faces-confg.xml), however class 'org.apache.myfaces.custom.tabbedpane.HtmlPanelTabbedPaneTagHandler' depends on a legacy facelet class.  The facelet artifact represented by this class will not be registered.
27.4.2011 20:54:39 com.sun.faces.config.processor.FaceletTaglibConfigProcessor processComponent
WARNING: JSF1029:  Application is versioned at 2.0 (either explicitly by the version of /WEB-INF/faces-config.xml or the lack of a /WEB-INF/faces-confg.xml), however class 'org.apache.myfaces.custom.tree.taglib.TreeTagHandler' depends on a legacy facelet class.  The facelet artifact represented by this class will not be registered.
27.4.2011 20:54:39 com.sun.faces.config.processor.FaceletTaglibConfigProcessor processHandlerClass
WARNING: JSF1029:  Application is versioned at 2.0 (either explicitly by the version of /WEB-INF/faces-config.xml or the lack of a /WEB-INF/faces-confg.xml), however class '[handler-class: null]' depends on a legacy facelet class.  The facelet artifact represented by this class will not be registered.
27.4.2011 20:54:39 com.sun.faces.config.processor.FaceletTaglibConfigProcessor processHandlerClass
WARNING: JSF1029:  Application is versioned at 2.0 (either explicitly by the version of /WEB-INF/faces-config.xml or the lack of a /WEB-INF/faces-confg.xml), however class '[handler-class: null]' depends on a legacy facelet class.  The facelet artifact represented by this class will not be registered.
27.4.2011 20:54:39 com.sun.faces.config.processor.FaceletTaglibConfigProcessor processHandlerClass
WARNING: JSF1029:  Application is versioned at 2.0 (either explicitly by the version of /WEB-INF/faces-config.xml or the lack of a /WEB-INF/faces-confg.xml), however class '[handler-class: null]' depends on a legacy facelet class.  The facelet artifact represented by this class will not be registered.
27.4.2011 20:54:39 com.sun.faces.config.processor.FaceletTaglibConfigProcessor processHandlerClass
WARNING: JSF1029:  Application is versioned at 2.0 (either explicitly by the version of /WEB-INF/faces-config.xml or the lack of a /WEB-INF/faces-confg.xml), however class '[handler-class: null]' depends on a legacy facelet class.  The facelet artifact represented by this class will not be registered.
27.4.2011 20:54:39 org.apache.coyote.http11.Http11Protocol start
INFO: Starting Coyote HTTP/1.1 on http-8080
27.4.2011 20:54:40 org.apache.jk.common.ChannelSocket init
INFO: JK: ajp13 listening on /0.0.0.0:8009
27.4.2011 20:54:40 org.apache.jk.server.JkMain start
INFO: Jk running ID=0 time=0/28  config=null
27.4.2011 20:54:40 org.apache.catalina.startup.Catalina start
INFO: Server startup in 3445 ms
27.4.2011 20:54:43 org.apache.coyote.http11.Http11Protocol pause
INFO: Pausing Coyote HTTP/1.1 on http-8080
27.4.2011 20:54:44 org.apache.catalina.core.StandardService stop
INFO: Stopping service Catalina
27.4.2011 20:54:44 org.apache.coyote.http11.Http11Protocol destroy
INFO: Stopping Coyote HTTP/1.1 on http-8080
27.4.2011 21:05:06 org.apache.catalina.startup.Catalina stopServer
SEVERE: Catalina.stop: 
java.net.ConnectException: Connection refused: connect
	at java.net.PlainSocketImpl.socketConnect(Native Method)
	at java.net.PlainSocketImpl.doConnect(Unknown Source)
	at java.net.PlainSocketImpl.connectToAddress(Unknown Source)
	at java.net.PlainSocketImpl.connect(Unknown Source)
	at java.net.SocksSocketImpl.connect(Unknown Source)
	at java.net.Socket.connect(Unknown Source)
	at java.net.Socket.connect(Unknown Source)
	at java.net.Socket.<init>(Unknown Source)
	at java.net.Socket.<init>(Unknown Source)
	at org.apache.catalina.startup.Catalina.stopServer(Catalina.java:422)
	at sun.reflect.NativeMethodAccessorImpl.invoke0(Native Method)
	at sun.reflect.NativeMethodAccessorImpl.invoke(Unknown Source)
	at sun.reflect.DelegatingMethodAccessorImpl.invoke(Unknown Source)
	at java.lang.reflect.Method.invoke(Unknown Source)
	at org.apache.catalina.startup.Bootstrap.stopServer(Bootstrap.java:337)
	at org.apache.catalina.startup.Bootstrap.main(Bootstrap.java:415)
27.4.2011 21:19:11 org.apache.catalina.core.AprLifecycleListener init
INFO: The APR based Apache Tomcat Native library which allows optimal performance in production environments was not found on the java.library.path: C:\Progra~1\Java\jre6\bin;.;C:\Windows\Sun\Java\bin;C:\Windows\system32;C:\Windows;C:\Windows\system32;C:\Windows;C:\Windows\System32\Wbem;C:\PROGRA~1\COMMON~1\ULEADS~1\MPEG;C:\Windows\System32\WindowsPowerShell\v1.0\;c:\Program Files\Microsoft SQL Server\100\Tools\Binn\;c:\Program Files\Microsoft SQL Server\100\DTS\Binn\;c:\Program Files\Microsoft SQL Server\100\Tools\Binn\VSShell\Common7\IDE\;C:\Program Files\Subversion\bin;C:\Program Files\TortoiseSVN\bin;C:\cygwin\bin
27.4.2011 21:19:11 org.apache.coyote.http11.Http11Protocol init
INFO: Initializing Coyote HTTP/1.1 on http-8080
27.4.2011 21:19:11 org.apache.catalina.startup.Catalina load
INFO: Initialization processed in 505 ms
27.4.2011 21:19:11 org.apache.catalina.core.StandardService start
INFO: Starting service Catalina
27.4.2011 21:19:11 org.apache.catalina.core.StandardEngine start
INFO: Starting Servlet Engine: Apache Tomcat/6.0.20
27.4.2011 21:19:11 org.apache.catalina.core.StandardContext resourcesStart
SEVERE: Error starting static Resources
java.lang.IllegalArgumentException: Document base C:\Users\JONNY\Desktop\pneditor-new\trunk\pneditor2\tomcat\webapps\host-manager does not exist or is not a readable directory
	at org.apache.naming.resources.FileDirContext.setDocBase(FileDirContext.java:142)
	at org.apache.catalina.core.StandardContext.resourcesStart(StandardContext.java:4048)
	at org.apache.catalina.core.StandardContext.start(StandardContext.java:4217)
	at org.apache.catalina.core.ContainerBase.addChildInternal(ContainerBase.java:791)
	at org.apache.catalina.core.ContainerBase.addChild(ContainerBase.java:771)
	at org.apache.catalina.core.StandardHost.addChild(StandardHost.java:526)
	at org.apache.catalina.startup.HostConfig.deployDescriptor(HostConfig.java:630)
	at org.apache.catalina.startup.HostConfig.deployDescriptors(HostConfig.java:556)
	at org.apache.catalina.startup.HostConfig.deployApps(HostConfig.java:491)
	at org.apache.catalina.startup.HostConfig.start(HostConfig.java:1206)
	at org.apache.catalina.startup.HostConfig.lifecycleEvent(HostConfig.java:314)
	at org.apache.catalina.util.LifecycleSupport.fireLifecycleEvent(LifecycleSupport.java:119)
	at org.apache.catalina.core.ContainerBase.start(ContainerBase.java:1053)
	at org.apache.catalina.core.StandardHost.start(StandardHost.java:722)
	at org.apache.catalina.core.ContainerBase.start(ContainerBase.java:1045)
	at org.apache.catalina.core.StandardEngine.start(StandardEngine.java:443)
	at org.apache.catalina.core.StandardService.start(StandardService.java:516)
	at org.apache.catalina.core.StandardServer.start(StandardServer.java:710)
	at org.apache.catalina.startup.Catalina.start(Catalina.java:583)
	at sun.reflect.NativeMethodAccessorImpl.invoke0(Native Method)
	at sun.reflect.NativeMethodAccessorImpl.invoke(Unknown Source)
	at sun.reflect.DelegatingMethodAccessorImpl.invoke(Unknown Source)
	at java.lang.reflect.Method.invoke(Unknown Source)
	at org.apache.catalina.startup.Bootstrap.start(Bootstrap.java:288)
	at org.apache.catalina.startup.Bootstrap.main(Bootstrap.java:413)
27.4.2011 21:19:11 org.apache.catalina.core.StandardContext start
SEVERE: Error in resourceStart()
27.4.2011 21:19:11 org.apache.catalina.core.StandardContext start
SEVERE: Error getConfigured
27.4.2011 21:19:11 org.apache.catalina.core.StandardContext start
SEVERE: Context [/host-manager] startup failed due to previous errors
27.4.2011 21:19:11 org.apache.catalina.core.StandardContext stop
INFO: Container org.apache.catalina.core.ContainerBase.[Catalina].[localhost].[/host-manager] has not been started
27.4.2011 21:19:11 org.apache.catalina.core.StandardContext resourcesStart
SEVERE: Error starting static Resources
java.lang.IllegalArgumentException: Document base C:\Users\JONNY\Desktop\pneditor-new\trunk\pneditor2\tomcat\webapps\manager does not exist or is not a readable directory
	at org.apache.naming.resources.FileDirContext.setDocBase(FileDirContext.java:142)
	at org.apache.catalina.core.StandardContext.resourcesStart(StandardContext.java:4048)
	at org.apache.catalina.core.StandardContext.start(StandardContext.java:4217)
	at org.apache.catalina.core.ContainerBase.addChildInternal(ContainerBase.java:791)
	at org.apache.catalina.core.ContainerBase.addChild(ContainerBase.java:771)
	at org.apache.catalina.core.StandardHost.addChild(StandardHost.java:526)
	at org.apache.catalina.startup.HostConfig.deployDescriptor(HostConfig.java:630)
	at org.apache.catalina.startup.HostConfig.deployDescriptors(HostConfig.java:556)
	at org.apache.catalina.startup.HostConfig.deployApps(HostConfig.java:491)
	at org.apache.catalina.startup.HostConfig.start(HostConfig.java:1206)
	at org.apache.catalina.startup.HostConfig.lifecycleEvent(HostConfig.java:314)
	at org.apache.catalina.util.LifecycleSupport.fireLifecycleEvent(LifecycleSupport.java:119)
	at org.apache.catalina.core.ContainerBase.start(ContainerBase.java:1053)
	at org.apache.catalina.core.StandardHost.start(StandardHost.java:722)
	at org.apache.catalina.core.ContainerBase.start(ContainerBase.java:1045)
	at org.apache.catalina.core.StandardEngine.start(StandardEngine.java:443)
	at org.apache.catalina.core.StandardService.start(StandardService.java:516)
	at org.apache.catalina.core.StandardServer.start(StandardServer.java:710)
	at org.apache.catalina.startup.Catalina.start(Catalina.java:583)
	at sun.reflect.NativeMethodAccessorImpl.invoke0(Native Method)
	at sun.reflect.NativeMethodAccessorImpl.invoke(Unknown Source)
	at sun.reflect.DelegatingMethodAccessorImpl.invoke(Unknown Source)
	at java.lang.reflect.Method.invoke(Unknown Source)
	at org.apache.catalina.startup.Bootstrap.start(Bootstrap.java:288)
	at org.apache.catalina.startup.Bootstrap.main(Bootstrap.java:413)
27.4.2011 21:19:11 org.apache.catalina.core.StandardContext start
SEVERE: Error in resourceStart()
27.4.2011 21:19:11 org.apache.catalina.core.StandardContext start
SEVERE: Error getConfigured
27.4.2011 21:19:11 org.apache.catalina.core.StandardContext start
SEVERE: Context [/manager] startup failed due to previous errors
27.4.2011 21:19:11 org.apache.catalina.core.StandardContext stop
INFO: Container org.apache.catalina.core.ContainerBase.[Catalina].[localhost].[/manager] has not been started
27.4.2011 21:19:12 org.apache.catalina.core.StandardContext addApplicationListener
INFO: The listener "com.sun.faces.config.ConfigureListener" is already configured for this context. The duplicate definition has been ignored.
27.4.2011 21:19:12 com.sun.faces.config.ConfigureListener contextInitialized
INFO: Initializing Mojarra 2.0.2 (FCS b10) for context '/wfms'
27.4.2011 21:19:14 com.sun.faces.config.processor.FaceletTaglibConfigProcessor processComponent
WARNING: JSF1029:  Application is versioned at 2.0 (either explicitly by the version of /WEB-INF/faces-config.xml or the lack of a /WEB-INF/faces-confg.xml), however class 'org.apache.myfaces.custom.aliasbean.AliasBeanTagHandler' depends on a legacy facelet class.  The facelet artifact represented by this class will not be registered.
27.4.2011 21:19:14 com.sun.faces.config.processor.FaceletTaglibConfigProcessor processComponent
WARNING: JSF1029:  Application is versioned at 2.0 (either explicitly by the version of /WEB-INF/faces-config.xml or the lack of a /WEB-INF/faces-confg.xml), however class 'org.apache.myfaces.custom.aliasbean.AliasBeansScopeTagHandler' depends on a legacy facelet class.  The facelet artifact represented by this class will not be registered.
27.4.2011 21:19:14 com.sun.faces.config.processor.FaceletTaglibConfigProcessor processComponent
WARNING: JSF1029:  Application is versioned at 2.0 (either explicitly by the version of /WEB-INF/faces-config.xml or the lack of a /WEB-INF/faces-confg.xml), however class 'org.apache.myfaces.custom.schedule.ScheduleTagHandler' depends on a legacy facelet class.  The facelet artifact represented by this class will not be registered.
27.4.2011 21:19:14 com.sun.faces.config.processor.FaceletTaglibConfigProcessor processComponent
WARNING: JSF1029:  Application is versioned at 2.0 (either explicitly by the version of /WEB-INF/faces-config.xml or the lack of a /WEB-INF/faces-confg.xml), however class 'org.apache.myfaces.custom.tabbedpane.HtmlPanelTabbedPaneTagHandler' depends on a legacy facelet class.  The facelet artifact represented by this class will not be registered.
27.4.2011 21:19:14 com.sun.faces.config.processor.FaceletTaglibConfigProcessor processComponent
WARNING: JSF1029:  Application is versioned at 2.0 (either explicitly by the version of /WEB-INF/faces-config.xml or the lack of a /WEB-INF/faces-confg.xml), however class 'org.apache.myfaces.custom.tree.taglib.TreeTagHandler' depends on a legacy facelet class.  The facelet artifact represented by this class will not be registered.
27.4.2011 21:19:14 com.sun.faces.config.processor.FaceletTaglibConfigProcessor processHandlerClass
WARNING: JSF1029:  Application is versioned at 2.0 (either explicitly by the version of /WEB-INF/faces-config.xml or the lack of a /WEB-INF/faces-confg.xml), however class '[handler-class: null]' depends on a legacy facelet class.  The facelet artifact represented by this class will not be registered.
27.4.2011 21:19:14 com.sun.faces.config.processor.FaceletTaglibConfigProcessor processHandlerClass
WARNING: JSF1029:  Application is versioned at 2.0 (either explicitly by the version of /WEB-INF/faces-config.xml or the lack of a /WEB-INF/faces-confg.xml), however class '[handler-class: null]' depends on a legacy facelet class.  The facelet artifact represented by this class will not be registered.
27.4.2011 21:19:14 com.sun.faces.config.processor.FaceletTaglibConfigProcessor processHandlerClass
WARNING: JSF1029:  Application is versioned at 2.0 (either explicitly by the version of /WEB-INF/faces-config.xml or the lack of a /WEB-INF/faces-confg.xml), however class '[handler-class: null]' depends on a legacy facelet class.  The facelet artifact represented by this class will not be registered.
27.4.2011 21:19:14 com.sun.faces.config.processor.FaceletTaglibConfigProcessor processHandlerClass
WARNING: JSF1029:  Application is versioned at 2.0 (either explicitly by the version of /WEB-INF/faces-config.xml or the lack of a /WEB-INF/faces-confg.xml), however class '[handler-class: null]' depends on a legacy facelet class.  The facelet artifact represented by this class will not be registered.
27.4.2011 21:19:14 org.apache.coyote.http11.Http11Protocol start
INFO: Starting Coyote HTTP/1.1 on http-8080
27.4.2011 21:19:14 org.apache.jk.common.ChannelSocket init
INFO: JK: ajp13 listening on /0.0.0.0:8009
27.4.2011 21:19:14 org.apache.jk.server.JkMain start
INFO: Jk running ID=0 time=0/30  config=null
27.4.2011 21:19:14 org.apache.catalina.startup.Catalina start
INFO: Server startup in 3555 ms
27.4.2011 21:19:17 org.apache.coyote.http11.Http11Protocol pause
INFO: Pausing Coyote HTTP/1.1 on http-8080
27.4.2011 21:19:18 org.apache.catalina.core.StandardService stop
INFO: Stopping service Catalina
27.4.2011 21:19:18 org.apache.coyote.http11.Http11Protocol destroy
INFO: Stopping Coyote HTTP/1.1 on http-8080
27.4.2011 21:20:36 org.apache.catalina.core.AprLifecycleListener init
INFO: The APR based Apache Tomcat Native library which allows optimal performance in production environments was not found on the java.library.path: C:\Progra~1\Java\jre6\bin;.;C:\Windows\Sun\Java\bin;C:\Windows\system32;C:\Windows;C:\Windows\system32;C:\Windows;C:\Windows\System32\Wbem;C:\PROGRA~1\COMMON~1\ULEADS~1\MPEG;C:\Windows\System32\WindowsPowerShell\v1.0\;c:\Program Files\Microsoft SQL Server\100\Tools\Binn\;c:\Program Files\Microsoft SQL Server\100\DTS\Binn\;c:\Program Files\Microsoft SQL Server\100\Tools\Binn\VSShell\Common7\IDE\;C:\Program Files\Subversion\bin;C:\Program Files\TortoiseSVN\bin;C:\cygwin\bin
27.4.2011 21:20:36 org.apache.coyote.http11.Http11Protocol init
INFO: Initializing Coyote HTTP/1.1 on http-8080
27.4.2011 21:20:36 org.apache.catalina.startup.Catalina load
INFO: Initialization processed in 500 ms
27.4.2011 21:20:36 org.apache.catalina.core.StandardService start
INFO: Starting service Catalina
27.4.2011 21:20:36 org.apache.catalina.core.StandardEngine start
INFO: Starting Servlet Engine: Apache Tomcat/6.0.20
27.4.2011 21:20:36 org.apache.catalina.core.StandardContext resourcesStart
SEVERE: Error starting static Resources
java.lang.IllegalArgumentException: Document base C:\Users\JONNY\Desktop\pneditor-new\trunk\pneditor2\tomcat\webapps\host-manager does not exist or is not a readable directory
	at org.apache.naming.resources.FileDirContext.setDocBase(FileDirContext.java:142)
	at org.apache.catalina.core.StandardContext.resourcesStart(StandardContext.java:4048)
	at org.apache.catalina.core.StandardContext.start(StandardContext.java:4217)
	at org.apache.catalina.core.ContainerBase.addChildInternal(ContainerBase.java:791)
	at org.apache.catalina.core.ContainerBase.addChild(ContainerBase.java:771)
	at org.apache.catalina.core.StandardHost.addChild(StandardHost.java:526)
	at org.apache.catalina.startup.HostConfig.deployDescriptor(HostConfig.java:630)
	at org.apache.catalina.startup.HostConfig.deployDescriptors(HostConfig.java:556)
	at org.apache.catalina.startup.HostConfig.deployApps(HostConfig.java:491)
	at org.apache.catalina.startup.HostConfig.start(HostConfig.java:1206)
	at org.apache.catalina.startup.HostConfig.lifecycleEvent(HostConfig.java:314)
	at org.apache.catalina.util.LifecycleSupport.fireLifecycleEvent(LifecycleSupport.java:119)
	at org.apache.catalina.core.ContainerBase.start(ContainerBase.java:1053)
	at org.apache.catalina.core.StandardHost.start(StandardHost.java:722)
	at org.apache.catalina.core.ContainerBase.start(ContainerBase.java:1045)
	at org.apache.catalina.core.StandardEngine.start(StandardEngine.java:443)
	at org.apache.catalina.core.StandardService.start(StandardService.java:516)
	at org.apache.catalina.core.StandardServer.start(StandardServer.java:710)
	at org.apache.catalina.startup.Catalina.start(Catalina.java:583)
	at sun.reflect.NativeMethodAccessorImpl.invoke0(Native Method)
	at sun.reflect.NativeMethodAccessorImpl.invoke(Unknown Source)
	at sun.reflect.DelegatingMethodAccessorImpl.invoke(Unknown Source)
	at java.lang.reflect.Method.invoke(Unknown Source)
	at org.apache.catalina.startup.Bootstrap.start(Bootstrap.java:288)
	at org.apache.catalina.startup.Bootstrap.main(Bootstrap.java:413)
27.4.2011 21:20:36 org.apache.catalina.core.StandardContext start
SEVERE: Error in resourceStart()
27.4.2011 21:20:37 org.apache.catalina.core.StandardContext start
SEVERE: Error getConfigured
27.4.2011 21:20:37 org.apache.catalina.core.StandardContext start
SEVERE: Context [/host-manager] startup failed due to previous errors
27.4.2011 21:20:37 org.apache.catalina.core.StandardContext stop
INFO: Container org.apache.catalina.core.ContainerBase.[Catalina].[localhost].[/host-manager] has not been started
27.4.2011 21:20:37 org.apache.catalina.core.StandardContext resourcesStart
SEVERE: Error starting static Resources
java.lang.IllegalArgumentException: Document base C:\Users\JONNY\Desktop\pneditor-new\trunk\pneditor2\tomcat\webapps\manager does not exist or is not a readable directory
	at org.apache.naming.resources.FileDirContext.setDocBase(FileDirContext.java:142)
	at org.apache.catalina.core.StandardContext.resourcesStart(StandardContext.java:4048)
	at org.apache.catalina.core.StandardContext.start(StandardContext.java:4217)
	at org.apache.catalina.core.ContainerBase.addChildInternal(ContainerBase.java:791)
	at org.apache.catalina.core.ContainerBase.addChild(ContainerBase.java:771)
	at org.apache.catalina.core.StandardHost.addChild(StandardHost.java:526)
	at org.apache.catalina.startup.HostConfig.deployDescriptor(HostConfig.java:630)
	at org.apache.catalina.startup.HostConfig.deployDescriptors(HostConfig.java:556)
	at org.apache.catalina.startup.HostConfig.deployApps(HostConfig.java:491)
	at org.apache.catalina.startup.HostConfig.start(HostConfig.java:1206)
	at org.apache.catalina.startup.HostConfig.lifecycleEvent(HostConfig.java:314)
	at org.apache.catalina.util.LifecycleSupport.fireLifecycleEvent(LifecycleSupport.java:119)
	at org.apache.catalina.core.ContainerBase.start(ContainerBase.java:1053)
	at org.apache.catalina.core.StandardHost.start(StandardHost.java:722)
	at org.apache.catalina.core.ContainerBase.start(ContainerBase.java:1045)
	at org.apache.catalina.core.StandardEngine.start(StandardEngine.java:443)
	at org.apache.catalina.core.StandardService.start(StandardService.java:516)
	at org.apache.catalina.core.StandardServer.start(StandardServer.java:710)
	at org.apache.catalina.startup.Catalina.start(Catalina.java:583)
	at sun.reflect.NativeMethodAccessorImpl.invoke0(Native Method)
	at sun.reflect.NativeMethodAccessorImpl.invoke(Unknown Source)
	at sun.reflect.DelegatingMethodAccessorImpl.invoke(Unknown Source)
	at java.lang.reflect.Method.invoke(Unknown Source)
	at org.apache.catalina.startup.Bootstrap.start(Bootstrap.java:288)
	at org.apache.catalina.startup.Bootstrap.main(Bootstrap.java:413)
27.4.2011 21:20:37 org.apache.catalina.core.StandardContext start
SEVERE: Error in resourceStart()
27.4.2011 21:20:37 org.apache.catalina.core.StandardContext start
SEVERE: Error getConfigured
27.4.2011 21:20:37 org.apache.catalina.core.StandardContext start
SEVERE: Context [/manager] startup failed due to previous errors
27.4.2011 21:20:37 org.apache.catalina.core.StandardContext stop
INFO: Container org.apache.catalina.core.ContainerBase.[Catalina].[localhost].[/manager] has not been started
27.4.2011 21:20:37 org.apache.catalina.core.StandardContext addApplicationListener
INFO: The listener "com.sun.faces.config.ConfigureListener" is already configured for this context. The duplicate definition has been ignored.
27.4.2011 21:20:37 com.sun.faces.config.ConfigureListener contextInitialized
INFO: Initializing Mojarra 2.0.2 (FCS b10) for context '/wfms'
27.4.2011 21:20:41 com.sun.faces.config.processor.FaceletTaglibConfigProcessor processComponent
WARNING: JSF1029:  Application is versioned at 2.0 (either explicitly by the version of /WEB-INF/faces-config.xml or the lack of a /WEB-INF/faces-confg.xml), however class 'org.apache.myfaces.custom.aliasbean.AliasBeanTagHandler' depends on a legacy facelet class.  The facelet artifact represented by this class will not be registered.
27.4.2011 21:20:41 com.sun.faces.config.processor.FaceletTaglibConfigProcessor processComponent
WARNING: JSF1029:  Application is versioned at 2.0 (either explicitly by the version of /WEB-INF/faces-config.xml or the lack of a /WEB-INF/faces-confg.xml), however class 'org.apache.myfaces.custom.aliasbean.AliasBeansScopeTagHandler' depends on a legacy facelet class.  The facelet artifact represented by this class will not be registered.
27.4.2011 21:20:41 com.sun.faces.config.processor.FaceletTaglibConfigProcessor processComponent
WARNING: JSF1029:  Application is versioned at 2.0 (either explicitly by the version of /WEB-INF/faces-config.xml or the lack of a /WEB-INF/faces-confg.xml), however class 'org.apache.myfaces.custom.schedule.ScheduleTagHandler' depends on a legacy facelet class.  The facelet artifact represented by this class will not be registered.
27.4.2011 21:20:41 com.sun.faces.config.processor.FaceletTaglibConfigProcessor processComponent
WARNING: JSF1029:  Application is versioned at 2.0 (either explicitly by the version of /WEB-INF/faces-config.xml or the lack of a /WEB-INF/faces-confg.xml), however class 'org.apache.myfaces.custom.tabbedpane.HtmlPanelTabbedPaneTagHandler' depends on a legacy facelet class.  The facelet artifact represented by this class will not be registered.
27.4.2011 21:20:41 com.sun.faces.config.processor.FaceletTaglibConfigProcessor processComponent
WARNING: JSF1029:  Application is versioned at 2.0 (either explicitly by the version of /WEB-INF/faces-config.xml or the lack of a /WEB-INF/faces-confg.xml), however class 'org.apache.myfaces.custom.tree.taglib.TreeTagHandler' depends on a legacy facelet class.  The facelet artifact represented by this class will not be registered.
27.4.2011 21:20:41 com.sun.faces.config.processor.FaceletTaglibConfigProcessor processHandlerClass
WARNING: JSF1029:  Application is versioned at 2.0 (either explicitly by the version of /WEB-INF/faces-config.xml or the lack of a /WEB-INF/faces-confg.xml), however class '[handler-class: null]' depends on a legacy facelet class.  The facelet artifact represented by this class will not be registered.
27.4.2011 21:20:41 com.sun.faces.config.processor.FaceletTaglibConfigProcessor processHandlerClass
WARNING: JSF1029:  Application is versioned at 2.0 (either explicitly by the version of /WEB-INF/faces-config.xml or the lack of a /WEB-INF/faces-confg.xml), however class '[handler-class: null]' depends on a legacy facelet class.  The facelet artifact represented by this class will not be registered.
27.4.2011 21:20:41 com.sun.faces.config.processor.FaceletTaglibConfigProcessor processHandlerClass
WARNING: JSF1029:  Application is versioned at 2.0 (either explicitly by the version of /WEB-INF/faces-config.xml or the lack of a /WEB-INF/faces-confg.xml), however class '[handler-class: null]' depends on a legacy facelet class.  The facelet artifact represented by this class will not be registered.
27.4.2011 21:20:41 com.sun.faces.config.processor.FaceletTaglibConfigProcessor processHandlerClass
WARNING: JSF1029:  Application is versioned at 2.0 (either explicitly by the version of /WEB-INF/faces-config.xml or the lack of a /WEB-INF/faces-confg.xml), however class '[handler-class: null]' depends on a legacy facelet class.  The facelet artifact represented by this class will not be registered.
27.4.2011 21:20:41 org.apache.coyote.http11.Http11Protocol start
INFO: Starting Coyote HTTP/1.1 on http-8080
27.4.2011 21:20:41 org.apache.jk.common.ChannelSocket init
INFO: JK: ajp13 listening on /0.0.0.0:8009
27.4.2011 21:20:41 org.apache.jk.server.JkMain start
INFO: Jk running ID=0 time=0/29  config=null
27.4.2011 21:20:41 org.apache.catalina.startup.Catalina start
INFO: Server startup in 4761 ms
27.4.2011 21:21:04 org.apache.coyote.http11.Http11Protocol pause
INFO: Pausing Coyote HTTP/1.1 on http-8080
27.4.2011 21:21:05 org.apache.catalina.core.StandardService stop
INFO: Stopping service Catalina
27.4.2011 21:21:06 org.apache.coyote.http11.Http11Protocol destroy
INFO: Stopping Coyote HTTP/1.1 on http-8080
27.4.2011 21:21:09 org.apache.catalina.startup.Catalina stopServer
SEVERE: Catalina.stop: 
java.net.ConnectException: Connection refused: connect
	at java.net.PlainSocketImpl.socketConnect(Native Method)
	at java.net.PlainSocketImpl.doConnect(Unknown Source)
	at java.net.PlainSocketImpl.connectToAddress(Unknown Source)
	at java.net.PlainSocketImpl.connect(Unknown Source)
	at java.net.SocksSocketImpl.connect(Unknown Source)
	at java.net.Socket.connect(Unknown Source)
	at java.net.Socket.connect(Unknown Source)
	at java.net.Socket.<init>(Unknown Source)
	at java.net.Socket.<init>(Unknown Source)
	at org.apache.catalina.startup.Catalina.stopServer(Catalina.java:422)
	at sun.reflect.NativeMethodAccessorImpl.invoke0(Native Method)
	at sun.reflect.NativeMethodAccessorImpl.invoke(Unknown Source)
	at sun.reflect.DelegatingMethodAccessorImpl.invoke(Unknown Source)
	at java.lang.reflect.Method.invoke(Unknown Source)
	at org.apache.catalina.startup.Bootstrap.stopServer(Bootstrap.java:337)
	at org.apache.catalina.startup.Bootstrap.main(Bootstrap.java:415)
27.4.2011 21:21:09 org.apache.catalina.startup.Catalina stopServer
SEVERE: Catalina.stop: 
java.net.ConnectException: Connection refused: connect
	at java.net.PlainSocketImpl.socketConnect(Native Method)
	at java.net.PlainSocketImpl.doConnect(Unknown Source)
	at java.net.PlainSocketImpl.connectToAddress(Unknown Source)
	at java.net.PlainSocketImpl.connect(Unknown Source)
	at java.net.SocksSocketImpl.connect(Unknown Source)
	at java.net.Socket.connect(Unknown Source)
	at java.net.Socket.connect(Unknown Source)
	at java.net.Socket.<init>(Unknown Source)
	at java.net.Socket.<init>(Unknown Source)
	at org.apache.catalina.startup.Catalina.stopServer(Catalina.java:422)
	at sun.reflect.NativeMethodAccessorImpl.invoke0(Native Method)
	at sun.reflect.NativeMethodAccessorImpl.invoke(Unknown Source)
	at sun.reflect.DelegatingMethodAccessorImpl.invoke(Unknown Source)
	at java.lang.reflect.Method.invoke(Unknown Source)
	at org.apache.catalina.startup.Bootstrap.stopServer(Bootstrap.java:337)
	at org.apache.catalina.startup.Bootstrap.main(Bootstrap.java:415)
27.4.2011 21:21:10 org.apache.catalina.startup.Catalina stopServer
SEVERE: Catalina.stop: 
java.net.ConnectException: Connection refused: connect
	at java.net.PlainSocketImpl.socketConnect(Native Method)
	at java.net.PlainSocketImpl.doConnect(Unknown Source)
	at java.net.PlainSocketImpl.connectToAddress(Unknown Source)
	at java.net.PlainSocketImpl.connect(Unknown Source)
	at java.net.SocksSocketImpl.connect(Unknown Source)
	at java.net.Socket.connect(Unknown Source)
	at java.net.Socket.connect(Unknown Source)
	at java.net.Socket.<init>(Unknown Source)
	at java.net.Socket.<init>(Unknown Source)
	at org.apache.catalina.startup.Catalina.stopServer(Catalina.java:422)
	at sun.reflect.NativeMethodAccessorImpl.invoke0(Native Method)
	at sun.reflect.NativeMethodAccessorImpl.invoke(Unknown Source)
	at sun.reflect.DelegatingMethodAccessorImpl.invoke(Unknown Source)
	at java.lang.reflect.Method.invoke(Unknown Source)
	at org.apache.catalina.startup.Bootstrap.stopServer(Bootstrap.java:337)
	at org.apache.catalina.startup.Bootstrap.main(Bootstrap.java:415)
27.4.2011 21:21:11 org.apache.catalina.startup.Catalina stopServer
SEVERE: Catalina.stop: 
java.net.ConnectException: Connection refused: connect
	at java.net.PlainSocketImpl.socketConnect(Native Method)
	at java.net.PlainSocketImpl.doConnect(Unknown Source)
	at java.net.PlainSocketImpl.connectToAddress(Unknown Source)
	at java.net.PlainSocketImpl.connect(Unknown Source)
	at java.net.SocksSocketImpl.connect(Unknown Source)
	at java.net.Socket.connect(Unknown Source)
	at java.net.Socket.connect(Unknown Source)
	at java.net.Socket.<init>(Unknown Source)
	at java.net.Socket.<init>(Unknown Source)
	at org.apache.catalina.startup.Catalina.stopServer(Catalina.java:422)
	at sun.reflect.NativeMethodAccessorImpl.invoke0(Native Method)
	at sun.reflect.NativeMethodAccessorImpl.invoke(Unknown Source)
	at sun.reflect.DelegatingMethodAccessorImpl.invoke(Unknown Source)
	at java.lang.reflect.Method.invoke(Unknown Source)
	at org.apache.catalina.startup.Bootstrap.stopServer(Bootstrap.java:337)
	at org.apache.catalina.startup.Bootstrap.main(Bootstrap.java:415)
27.4.2011 21:21:11 org.apache.catalina.startup.Catalina stopServer
SEVERE: Catalina.stop: 
java.net.ConnectException: Connection refused: connect
	at java.net.PlainSocketImpl.socketConnect(Native Method)
	at java.net.PlainSocketImpl.doConnect(Unknown Source)
	at java.net.PlainSocketImpl.connectToAddress(Unknown Source)
	at java.net.PlainSocketImpl.connect(Unknown Source)
	at java.net.SocksSocketImpl.connect(Unknown Source)
	at java.net.Socket.connect(Unknown Source)
	at java.net.Socket.connect(Unknown Source)
	at java.net.Socket.<init>(Unknown Source)
	at java.net.Socket.<init>(Unknown Source)
	at org.apache.catalina.startup.Catalina.stopServer(Catalina.java:422)
	at sun.reflect.NativeMethodAccessorImpl.invoke0(Native Method)
	at sun.reflect.NativeMethodAccessorImpl.invoke(Unknown Source)
	at sun.reflect.DelegatingMethodAccessorImpl.invoke(Unknown Source)
	at java.lang.reflect.Method.invoke(Unknown Source)
	at org.apache.catalina.startup.Bootstrap.stopServer(Bootstrap.java:337)
	at org.apache.catalina.startup.Bootstrap.main(Bootstrap.java:415)
27.4.2011 21:21:11 org.apache.catalina.startup.Catalina stopServer
SEVERE: Catalina.stop: 
java.net.ConnectException: Connection refused: connect
	at java.net.PlainSocketImpl.socketConnect(Native Method)
	at java.net.PlainSocketImpl.doConnect(Unknown Source)
	at java.net.PlainSocketImpl.connectToAddress(Unknown Source)
	at java.net.PlainSocketImpl.connect(Unknown Source)
	at java.net.SocksSocketImpl.connect(Unknown Source)
	at java.net.Socket.connect(Unknown Source)
	at java.net.Socket.connect(Unknown Source)
	at java.net.Socket.<init>(Unknown Source)
	at java.net.Socket.<init>(Unknown Source)
	at org.apache.catalina.startup.Catalina.stopServer(Catalina.java:422)
	at sun.reflect.NativeMethodAccessorImpl.invoke0(Native Method)
	at sun.reflect.NativeMethodAccessorImpl.invoke(Unknown Source)
	at sun.reflect.DelegatingMethodAccessorImpl.invoke(Unknown Source)
	at java.lang.reflect.Method.invoke(Unknown Source)
	at org.apache.catalina.startup.Bootstrap.stopServer(Bootstrap.java:337)
	at org.apache.catalina.startup.Bootstrap.main(Bootstrap.java:415)
27.4.2011 21:21:11 org.apache.catalina.startup.Catalina stopServer
SEVERE: Catalina.stop: 
java.net.ConnectException: Connection refused: connect
	at java.net.PlainSocketImpl.socketConnect(Native Method)
	at java.net.PlainSocketImpl.doConnect(Unknown Source)
	at java.net.PlainSocketImpl.connectToAddress(Unknown Source)
	at java.net.PlainSocketImpl.connect(Unknown Source)
	at java.net.SocksSocketImpl.connect(Unknown Source)
	at java.net.Socket.connect(Unknown Source)
	at java.net.Socket.connect(Unknown Source)
	at java.net.Socket.<init>(Unknown Source)
	at java.net.Socket.<init>(Unknown Source)
	at org.apache.catalina.startup.Catalina.stopServer(Catalina.java:422)
	at sun.reflect.NativeMethodAccessorImpl.invoke0(Native Method)
	at sun.reflect.NativeMethodAccessorImpl.invoke(Unknown Source)
	at sun.reflect.DelegatingMethodAccessorImpl.invoke(Unknown Source)
	at java.lang.reflect.Method.invoke(Unknown Source)
	at org.apache.catalina.startup.Bootstrap.stopServer(Bootstrap.java:337)
	at org.apache.catalina.startup.Bootstrap.main(Bootstrap.java:415)
27.4.2011 21:21:11 org.apache.catalina.startup.Catalina stopServer
SEVERE: Catalina.stop: 
java.net.ConnectException: Connection refused: connect
	at java.net.PlainSocketImpl.socketConnect(Native Method)
	at java.net.PlainSocketImpl.doConnect(Unknown Source)
	at java.net.PlainSocketImpl.connectToAddress(Unknown Source)
	at java.net.PlainSocketImpl.connect(Unknown Source)
	at java.net.SocksSocketImpl.connect(Unknown Source)
	at java.net.Socket.connect(Unknown Source)
	at java.net.Socket.connect(Unknown Source)
	at java.net.Socket.<init>(Unknown Source)
	at java.net.Socket.<init>(Unknown Source)
	at org.apache.catalina.startup.Catalina.stopServer(Catalina.java:422)
	at sun.reflect.NativeMethodAccessorImpl.invoke0(Native Method)
	at sun.reflect.NativeMethodAccessorImpl.invoke(Unknown Source)
	at sun.reflect.DelegatingMethodAccessorImpl.invoke(Unknown Source)
	at java.lang.reflect.Method.invoke(Unknown Source)
	at org.apache.catalina.startup.Bootstrap.stopServer(Bootstrap.java:337)
	at org.apache.catalina.startup.Bootstrap.main(Bootstrap.java:415)
27.4.2011 21:21:11 org.apache.catalina.startup.Catalina stopServer
SEVERE: Catalina.stop: 
java.net.ConnectException: Connection refused: connect
	at java.net.PlainSocketImpl.socketConnect(Native Method)
	at java.net.PlainSocketImpl.doConnect(Unknown Source)
	at java.net.PlainSocketImpl.connectToAddress(Unknown Source)
	at java.net.PlainSocketImpl.connect(Unknown Source)
	at java.net.SocksSocketImpl.connect(Unknown Source)
	at java.net.Socket.connect(Unknown Source)
	at java.net.Socket.connect(Unknown Source)
	at java.net.Socket.<init>(Unknown Source)
	at java.net.Socket.<init>(Unknown Source)
	at org.apache.catalina.startup.Catalina.stopServer(Catalina.java:422)
	at sun.reflect.NativeMethodAccessorImpl.invoke0(Native Method)
	at sun.reflect.NativeMethodAccessorImpl.invoke(Unknown Source)
	at sun.reflect.DelegatingMethodAccessorImpl.invoke(Unknown Source)
	at java.lang.reflect.Method.invoke(Unknown Source)
	at org.apache.catalina.startup.Bootstrap.stopServer(Bootstrap.java:337)
	at org.apache.catalina.startup.Bootstrap.main(Bootstrap.java:415)
27.4.2011 21:21:12 org.apache.catalina.startup.Catalina stopServer
SEVERE: Catalina.stop: 
java.net.ConnectException: Connection refused: connect
	at java.net.PlainSocketImpl.socketConnect(Native Method)
	at java.net.PlainSocketImpl.doConnect(Unknown Source)
	at java.net.PlainSocketImpl.connectToAddress(Unknown Source)
	at java.net.PlainSocketImpl.connect(Unknown Source)
	at java.net.SocksSocketImpl.connect(Unknown Source)
	at java.net.Socket.connect(Unknown Source)
	at java.net.Socket.connect(Unknown Source)
	at java.net.Socket.<init>(Unknown Source)
	at java.net.Socket.<init>(Unknown Source)
	at org.apache.catalina.startup.Catalina.stopServer(Catalina.java:422)
	at sun.reflect.NativeMethodAccessorImpl.invoke0(Native Method)
	at sun.reflect.NativeMethodAccessorImpl.invoke(Unknown Source)
	at sun.reflect.DelegatingMethodAccessorImpl.invoke(Unknown Source)
	at java.lang.reflect.Method.invoke(Unknown Source)
	at org.apache.catalina.startup.Bootstrap.stopServer(Bootstrap.java:337)
	at org.apache.catalina.startup.Bootstrap.main(Bootstrap.java:415)
27.4.2011 21:21:48 org.apache.catalina.core.AprLifecycleListener init
INFO: The APR based Apache Tomcat Native library which allows optimal performance in production environments was not found on the java.library.path: C:\Progra~1\Java\jre6\bin;.;C:\Windows\Sun\Java\bin;C:\Windows\system32;C:\Windows;C:\Windows\system32;C:\Windows;C:\Windows\System32\Wbem;C:\PROGRA~1\COMMON~1\ULEADS~1\MPEG;C:\Windows\System32\WindowsPowerShell\v1.0\;c:\Program Files\Microsoft SQL Server\100\Tools\Binn\;c:\Program Files\Microsoft SQL Server\100\DTS\Binn\;c:\Program Files\Microsoft SQL Server\100\Tools\Binn\VSShell\Common7\IDE\;C:\Program Files\Subversion\bin;C:\Program Files\TortoiseSVN\bin;C:\cygwin\bin
27.4.2011 21:21:48 org.apache.coyote.http11.Http11Protocol init
INFO: Initializing Coyote HTTP/1.1 on http-8080
27.4.2011 21:21:48 org.apache.catalina.startup.Catalina load
INFO: Initialization processed in 590 ms
27.4.2011 21:21:48 org.apache.catalina.core.StandardService start
INFO: Starting service Catalina
27.4.2011 21:21:48 org.apache.catalina.core.StandardEngine start
INFO: Starting Servlet Engine: Apache Tomcat/6.0.20
27.4.2011 21:21:48 org.apache.catalina.core.StandardContext resourcesStart
SEVERE: Error starting static Resources
java.lang.IllegalArgumentException: Document base C:\Users\JONNY\Desktop\pneditor-new\trunk\pneditor2\tomcat\webapps\host-manager does not exist or is not a readable directory
	at org.apache.naming.resources.FileDirContext.setDocBase(FileDirContext.java:142)
	at org.apache.catalina.core.StandardContext.resourcesStart(StandardContext.java:4048)
	at org.apache.catalina.core.StandardContext.start(StandardContext.java:4217)
	at org.apache.catalina.core.ContainerBase.addChildInternal(ContainerBase.java:791)
	at org.apache.catalina.core.ContainerBase.addChild(ContainerBase.java:771)
	at org.apache.catalina.core.StandardHost.addChild(StandardHost.java:526)
	at org.apache.catalina.startup.HostConfig.deployDescriptor(HostConfig.java:630)
	at org.apache.catalina.startup.HostConfig.deployDescriptors(HostConfig.java:556)
	at org.apache.catalina.startup.HostConfig.deployApps(HostConfig.java:491)
	at org.apache.catalina.startup.HostConfig.start(HostConfig.java:1206)
	at org.apache.catalina.startup.HostConfig.lifecycleEvent(HostConfig.java:314)
	at org.apache.catalina.util.LifecycleSupport.fireLifecycleEvent(LifecycleSupport.java:119)
	at org.apache.catalina.core.ContainerBase.start(ContainerBase.java:1053)
	at org.apache.catalina.core.StandardHost.start(StandardHost.java:722)
	at org.apache.catalina.core.ContainerBase.start(ContainerBase.java:1045)
	at org.apache.catalina.core.StandardEngine.start(StandardEngine.java:443)
	at org.apache.catalina.core.StandardService.start(StandardService.java:516)
	at org.apache.catalina.core.StandardServer.start(StandardServer.java:710)
	at org.apache.catalina.startup.Catalina.start(Catalina.java:583)
	at sun.reflect.NativeMethodAccessorImpl.invoke0(Native Method)
	at sun.reflect.NativeMethodAccessorImpl.invoke(Unknown Source)
	at sun.reflect.DelegatingMethodAccessorImpl.invoke(Unknown Source)
	at java.lang.reflect.Method.invoke(Unknown Source)
	at org.apache.catalina.startup.Bootstrap.start(Bootstrap.java:288)
	at org.apache.catalina.startup.Bootstrap.main(Bootstrap.java:413)
27.4.2011 21:21:48 org.apache.catalina.core.StandardContext start
SEVERE: Error in resourceStart()
27.4.2011 21:21:48 org.apache.catalina.core.StandardContext start
SEVERE: Error getConfigured
27.4.2011 21:21:48 org.apache.catalina.core.StandardContext start
SEVERE: Context [/host-manager] startup failed due to previous errors
27.4.2011 21:21:48 org.apache.catalina.core.StandardContext stop
INFO: Container org.apache.catalina.core.ContainerBase.[Catalina].[localhost].[/host-manager] has not been started
27.4.2011 21:21:48 org.apache.catalina.core.StandardContext resourcesStart
SEVERE: Error starting static Resources
java.lang.IllegalArgumentException: Document base C:\Users\JONNY\Desktop\pneditor-new\trunk\pneditor2\tomcat\webapps\manager does not exist or is not a readable directory
	at org.apache.naming.resources.FileDirContext.setDocBase(FileDirContext.java:142)
	at org.apache.catalina.core.StandardContext.resourcesStart(StandardContext.java:4048)
	at org.apache.catalina.core.StandardContext.start(StandardContext.java:4217)
	at org.apache.catalina.core.ContainerBase.addChildInternal(ContainerBase.java:791)
	at org.apache.catalina.core.ContainerBase.addChild(ContainerBase.java:771)
	at org.apache.catalina.core.StandardHost.addChild(StandardHost.java:526)
	at org.apache.catalina.startup.HostConfig.deployDescriptor(HostConfig.java:630)
	at org.apache.catalina.startup.HostConfig.deployDescriptors(HostConfig.java:556)
	at org.apache.catalina.startup.HostConfig.deployApps(HostConfig.java:491)
	at org.apache.catalina.startup.HostConfig.start(HostConfig.java:1206)
	at org.apache.catalina.startup.HostConfig.lifecycleEvent(HostConfig.java:314)
	at org.apache.catalina.util.LifecycleSupport.fireLifecycleEvent(LifecycleSupport.java:119)
	at org.apache.catalina.core.ContainerBase.start(ContainerBase.java:1053)
	at org.apache.catalina.core.StandardHost.start(StandardHost.java:722)
	at org.apache.catalina.core.ContainerBase.start(ContainerBase.java:1045)
	at org.apache.catalina.core.StandardEngine.start(StandardEngine.java:443)
	at org.apache.catalina.core.StandardService.start(StandardService.java:516)
	at org.apache.catalina.core.StandardServer.start(StandardServer.java:710)
	at org.apache.catalina.startup.Catalina.start(Catalina.java:583)
	at sun.reflect.NativeMethodAccessorImpl.invoke0(Native Method)
	at sun.reflect.NativeMethodAccessorImpl.invoke(Unknown Source)
	at sun.reflect.DelegatingMethodAccessorImpl.invoke(Unknown Source)
	at java.lang.reflect.Method.invoke(Unknown Source)
	at org.apache.catalina.startup.Bootstrap.start(Bootstrap.java:288)
	at org.apache.catalina.startup.Bootstrap.main(Bootstrap.java:413)
27.4.2011 21:21:48 org.apache.catalina.core.StandardContext start
SEVERE: Error in resourceStart()
27.4.2011 21:21:48 org.apache.catalina.core.StandardContext start
SEVERE: Error getConfigured
27.4.2011 21:21:48 org.apache.catalina.core.StandardContext start
SEVERE: Context [/manager] startup failed due to previous errors
27.4.2011 21:21:48 org.apache.catalina.core.StandardContext stop
INFO: Container org.apache.catalina.core.ContainerBase.[Catalina].[localhost].[/manager] has not been started
27.4.2011 21:21:49 org.apache.catalina.core.StandardContext addApplicationListener
INFO: The listener "com.sun.faces.config.ConfigureListener" is already configured for this context. The duplicate definition has been ignored.
27.4.2011 21:21:50 com.sun.faces.config.ConfigureListener contextInitialized
INFO: Initializing Mojarra 2.0.2 (FCS b10) for context '/wfms'
27.4.2011 21:21:54 com.sun.faces.config.processor.FaceletTaglibConfigProcessor processComponent
WARNING: JSF1029:  Application is versioned at 2.0 (either explicitly by the version of /WEB-INF/faces-config.xml or the lack of a /WEB-INF/faces-confg.xml), however class 'org.apache.myfaces.custom.aliasbean.AliasBeanTagHandler' depends on a legacy facelet class.  The facelet artifact represented by this class will not be registered.
27.4.2011 21:21:54 com.sun.faces.config.processor.FaceletTaglibConfigProcessor processComponent
WARNING: JSF1029:  Application is versioned at 2.0 (either explicitly by the version of /WEB-INF/faces-config.xml or the lack of a /WEB-INF/faces-confg.xml), however class 'org.apache.myfaces.custom.aliasbean.AliasBeansScopeTagHandler' depends on a legacy facelet class.  The facelet artifact represented by this class will not be registered.
27.4.2011 21:21:54 com.sun.faces.config.processor.FaceletTaglibConfigProcessor processComponent
WARNING: JSF1029:  Application is versioned at 2.0 (either explicitly by the version of /WEB-INF/faces-config.xml or the lack of a /WEB-INF/faces-confg.xml), however class 'org.apache.myfaces.custom.schedule.ScheduleTagHandler' depends on a legacy facelet class.  The facelet artifact represented by this class will not be registered.
27.4.2011 21:21:54 com.sun.faces.config.processor.FaceletTaglibConfigProcessor processComponent
WARNING: JSF1029:  Application is versioned at 2.0 (either explicitly by the version of /WEB-INF/faces-config.xml or the lack of a /WEB-INF/faces-confg.xml), however class 'org.apache.myfaces.custom.tabbedpane.HtmlPanelTabbedPaneTagHandler' depends on a legacy facelet class.  The facelet artifact represented by this class will not be registered.
27.4.2011 21:21:54 com.sun.faces.config.processor.FaceletTaglibConfigProcessor processComponent
WARNING: JSF1029:  Application is versioned at 2.0 (either explicitly by the version of /WEB-INF/faces-config.xml or the lack of a /WEB-INF/faces-confg.xml), however class 'org.apache.myfaces.custom.tree.taglib.TreeTagHandler' depends on a legacy facelet class.  The facelet artifact represented by this class will not be registered.
27.4.2011 21:21:54 com.sun.faces.config.processor.FaceletTaglibConfigProcessor processHandlerClass
WARNING: JSF1029:  Application is versioned at 2.0 (either explicitly by the version of /WEB-INF/faces-config.xml or the lack of a /WEB-INF/faces-confg.xml), however class '[handler-class: null]' depends on a legacy facelet class.  The facelet artifact represented by this class will not be registered.
27.4.2011 21:21:54 com.sun.faces.config.processor.FaceletTaglibConfigProcessor processHandlerClass
WARNING: JSF1029:  Application is versioned at 2.0 (either explicitly by the version of /WEB-INF/faces-config.xml or the lack of a /WEB-INF/faces-confg.xml), however class '[handler-class: null]' depends on a legacy facelet class.  The facelet artifact represented by this class will not be registered.
27.4.2011 21:21:54 com.sun.faces.config.processor.FaceletTaglibConfigProcessor processHandlerClass
WARNING: JSF1029:  Application is versioned at 2.0 (either explicitly by the version of /WEB-INF/faces-config.xml or the lack of a /WEB-INF/faces-confg.xml), however class '[handler-class: null]' depends on a legacy facelet class.  The facelet artifact represented by this class will not be registered.
27.4.2011 21:21:54 com.sun.faces.config.processor.FaceletTaglibConfigProcessor processHandlerClass
WARNING: JSF1029:  Application is versioned at 2.0 (either explicitly by the version of /WEB-INF/faces-config.xml or the lack of a /WEB-INF/faces-confg.xml), however class '[handler-class: null]' depends on a legacy facelet class.  The facelet artifact represented by this class will not be registered.
27.4.2011 21:21:54 org.apache.coyote.http11.Http11Protocol start
INFO: Starting Coyote HTTP/1.1 on http-8080
27.4.2011 21:21:54 org.apache.jk.common.ChannelSocket init
INFO: JK: ajp13 listening on /0.0.0.0:8009
27.4.2011 21:21:54 org.apache.jk.server.JkMain start
INFO: Jk running ID=0 time=0/28  config=null
27.4.2011 21:21:54 org.apache.catalina.startup.Catalina start
INFO: Server startup in 6475 ms
27.4.2011 21:22:17 org.apache.coyote.http11.Http11Protocol pause
INFO: Pausing Coyote HTTP/1.1 on http-8080
27.4.2011 21:22:18 org.apache.catalina.core.StandardService stop
INFO: Stopping service Catalina
27.4.2011 21:22:18 org.apache.coyote.http11.Http11Protocol destroy
INFO: Stopping Coyote HTTP/1.1 on http-8080
