Apr 6, 2011 6:15:02 PM org.apache.catalina.core.ApplicationContext log
INFO: Marking servlet AxisServlet as unavailable
Apr 6, 2011 6:15:02 PM org.apache.catalina.core.ApplicationContext log
SEVERE: Error loading WebappClassLoader
  delegate: false
  repositories:
    /WEB-INF/classes/
----------> Parent Classloader:
org.apache.catalina.loader.StandardClassLoader@1027b4d
 org.apache.axis2.transport.http.AxisServlet
java.lang.ClassNotFoundException: org.apache.axis2.transport.http.AxisServlet
	at org.apache.catalina.loader.WebappClassLoader.loadClass(WebappClassLoader.java:1387)
	at org.apache.catalina.loader.WebappClassLoader.loadClass(WebappClassLoader.java:1233)
	at org.apache.catalina.core.StandardWrapper.loadServlet(StandardWrapper.java:1095)
	at org.apache.catalina.core.StandardWrapper.load(StandardWrapper.java:993)
	at org.apache.catalina.core.StandardContext.loadOnStartup(StandardContext.java:4149)
	at org.apache.catalina.core.StandardContext.start(StandardContext.java:4458)
	at org.apache.catalina.core.ContainerBase.addChildInternal(ContainerBase.java:791)
	at org.apache.catalina.core.ContainerBase.addChild(ContainerBase.java:771)
	at org.apache.catalina.core.StandardHost.addChild(StandardHost.java:526)
	at org.apache.catalina.startup.HostConfig.deployDirectory(HostConfig.java:987)
	at org.apache.catalina.startup.HostConfig.deployDirectories(HostConfig.java:909)
	at org.apache.catalina.startup.HostConfig.deployApps(HostConfig.java:495)
	at org.apache.catalina.startup.HostConfig.start(HostConfig.java:1206)
	at org.apache.catalina.startup.HostConfig.lifecycleEvent(HostConfig.java:314)
	at org.apache.catalina.util.LifecycleSupport.fireLifecycleEvent(LifecycleSupport.java:119)
	at org.apache.catalina.core.ContainerBase.start(ContainerBase.java:1053)
	at org.apache.catalina.core.StandardHost.start(StandardHost.java:722)
	at org.apache.catalina.core.ContainerBase.start(ContainerBase.java:1045)
	at org.apache.catalina.core.StandardEngine.start(StandardEngine.java:443)
	at org.apache.catalina.core.StandardService.start(StandardService.java:516)
	at org.apache.catalina.core.StandardServer.start(StandardServer.java:710)
	at org.apache.catalina.startup.Catalina.start(Catalina.java:583)
	at sun.reflect.NativeMethodAccessorImpl.invoke0(Native Method)
	at sun.reflect.NativeMethodAccessorImpl.invoke(NativeMethodAccessorImpl.java:39)
	at sun.reflect.DelegatingMethodAccessorImpl.invoke(DelegatingMethodAccessorImpl.java:25)
	at java.lang.reflect.Method.invoke(Method.java:597)
	at org.apache.catalina.startup.Bootstrap.start(Bootstrap.java:288)
	at org.apache.catalina.startup.Bootstrap.main(Bootstrap.java:413)
Apr 6, 2011 6:15:02 PM org.apache.catalina.core.StandardContext loadOnStartup
SEVERE: Servlet /axis threw load() exception
java.lang.ClassNotFoundException: org.apache.axis2.transport.http.AxisServlet
	at org.apache.catalina.loader.WebappClassLoader.loadClass(WebappClassLoader.java:1387)
	at org.apache.catalina.loader.WebappClassLoader.loadClass(WebappClassLoader.java:1233)
	at org.apache.catalina.core.StandardWrapper.loadServlet(StandardWrapper.java:1095)
	at org.apache.catalina.core.StandardWrapper.load(StandardWrapper.java:993)
	at org.apache.catalina.core.StandardContext.loadOnStartup(StandardContext.java:4149)
	at org.apache.catalina.core.StandardContext.start(StandardContext.java:4458)
	at org.apache.catalina.core.ContainerBase.addChildInternal(ContainerBase.java:791)
	at org.apache.catalina.core.ContainerBase.addChild(ContainerBase.java:771)
	at org.apache.catalina.core.StandardHost.addChild(StandardHost.java:526)
	at org.apache.catalina.startup.HostConfig.deployDirectory(HostConfig.java:987)
	at org.apache.catalina.startup.HostConfig.deployDirectories(HostConfig.java:909)
	at org.apache.catalina.startup.HostConfig.deployApps(HostConfig.java:495)
	at org.apache.catalina.startup.HostConfig.start(HostConfig.java:1206)
	at org.apache.catalina.startup.HostConfig.lifecycleEvent(HostConfig.java:314)
	at org.apache.catalina.util.LifecycleSupport.fireLifecycleEvent(LifecycleSupport.java:119)
	at org.apache.catalina.core.ContainerBase.start(ContainerBase.java:1053)
	at org.apache.catalina.core.StandardHost.start(StandardHost.java:722)
	at org.apache.catalina.core.ContainerBase.start(ContainerBase.java:1045)
	at org.apache.catalina.core.StandardEngine.start(StandardEngine.java:443)
	at org.apache.catalina.core.StandardService.start(StandardService.java:516)
	at org.apache.catalina.core.StandardServer.start(StandardServer.java:710)
	at org.apache.catalina.startup.Catalina.start(Catalina.java:583)
	at sun.reflect.NativeMethodAccessorImpl.invoke0(Native Method)
	at sun.reflect.NativeMethodAccessorImpl.invoke(NativeMethodAccessorImpl.java:39)
	at sun.reflect.DelegatingMethodAccessorImpl.invoke(DelegatingMethodAccessorImpl.java:25)
	at java.lang.reflect.Method.invoke(Method.java:597)
	at org.apache.catalina.startup.Bootstrap.start(Bootstrap.java:288)
	at org.apache.catalina.startup.Bootstrap.main(Bootstrap.java:413)
Apr 6, 2011 6:15:03 PM org.apache.catalina.core.ApplicationContext log
INFO: ContextListener: contextInitialized()
Apr 6, 2011 6:15:03 PM org.apache.catalina.core.ApplicationContext log
INFO: SessionListener: contextInitialized()
Apr 6, 2011 6:15:05 PM org.apache.catalina.core.ApplicationContext log
INFO: SessionListener: contextDestroyed()
Apr 6, 2011 6:15:05 PM org.apache.catalina.core.ApplicationContext log
INFO: ContextListener: contextDestroyed()
