Mar 2, 2011 6:49:44 PM org.apache.catalina.core.AprLifecycleListener init
INFO: The APR based Apache Tomcat Native library which allows optimal performance in production environments was not found on the java.library.path: C:\Program Files (x86)\Java\jdk1.6.0_20\bin;.;C:\Windows\Sun\Java\bin;C:\Windows\system32;C:\Windows;C:\Windows\system32;C:\Windows;C:\Windows\System32\Wbem;C:\Windows\System32\WindowsPowerShell\v1.0\;C:\Program Files (x86)\ATI Technologies\ATI.ACE\Core-Static;C:\Program Files\Broadcom\Broadcom 802.11\Driver;C:\Program Files (x86)\QT Lite\QTSystem;C:\Program Files\WIDCOMM\Bluetooth Software\;C:\Program Files\WIDCOMM\Bluetooth Software\syswow64;C:\Program Files (x86)\Java\jdk1.6.0_20\jre\bin;
Mar 2, 2011 6:49:44 PM org.apache.coyote.http11.Http11Protocol init
INFO: Initializing Coyote HTTP/1.1 on http-8080
Mar 2, 2011 6:49:44 PM org.apache.catalina.startup.Catalina load
INFO: Initialization processed in 2071 ms
Mar 2, 2011 6:49:45 PM org.apache.catalina.core.StandardService start
INFO: Starting service Catalina
Mar 2, 2011 6:49:45 PM org.apache.catalina.core.StandardEngine start
INFO: Starting Servlet Engine: Apache Tomcat/6.0.20
Mar 2, 2011 6:49:46 PM org.apache.catalina.startup.HostConfig deployWAR
INFO: Deploying web application archive WorkflowManagementSystem2.war
Mar 2, 2011 6:49:48 PM com.sun.faces.config.ConfigureListener contextInitialized
INFO: Initializing Mojarra 2.0.2 (FCS b10) for context '/WorkflowManagementSystem2'
Mar 2, 2011 6:49:53 PM com.sun.faces.config.processor.FaceletTaglibConfigProcessor processComponent
WARNING: JSF1029:  Application is versioned at 2.0 (either explicitly by the version of /WEB-INF/faces-config.xml or the lack of a /WEB-INF/faces-confg.xml), however class 'org.apache.myfaces.custom.aliasbean.AliasBeanTagHandler' depends on a legacy facelet class.  The facelet artifact represented by this class will not be registered.
Mar 2, 2011 6:49:53 PM com.sun.faces.config.processor.FaceletTaglibConfigProcessor processComponent
WARNING: JSF1029:  Application is versioned at 2.0 (either explicitly by the version of /WEB-INF/faces-config.xml or the lack of a /WEB-INF/faces-confg.xml), however class 'org.apache.myfaces.custom.aliasbean.AliasBeansScopeTagHandler' depends on a legacy facelet class.  The facelet artifact represented by this class will not be registered.
Mar 2, 2011 6:49:53 PM com.sun.faces.config.processor.FaceletTaglibConfigProcessor processComponent
WARNING: JSF1029:  Application is versioned at 2.0 (either explicitly by the version of /WEB-INF/faces-config.xml or the lack of a /WEB-INF/faces-confg.xml), however class 'org.apache.myfaces.custom.schedule.ScheduleTagHandler' depends on a legacy facelet class.  The facelet artifact represented by this class will not be registered.
Mar 2, 2011 6:49:53 PM com.sun.faces.config.processor.FaceletTaglibConfigProcessor processComponent
WARNING: JSF1029:  Application is versioned at 2.0 (either explicitly by the version of /WEB-INF/faces-config.xml or the lack of a /WEB-INF/faces-confg.xml), however class 'org.apache.myfaces.custom.tabbedpane.HtmlPanelTabbedPaneTagHandler' depends on a legacy facelet class.  The facelet artifact represented by this class will not be registered.
Mar 2, 2011 6:49:53 PM com.sun.faces.config.processor.FaceletTaglibConfigProcessor processComponent
WARNING: JSF1029:  Application is versioned at 2.0 (either explicitly by the version of /WEB-INF/faces-config.xml or the lack of a /WEB-INF/faces-confg.xml), however class 'org.apache.myfaces.custom.tree.taglib.TreeTagHandler' depends on a legacy facelet class.  The facelet artifact represented by this class will not be registered.
Mar 2, 2011 6:49:53 PM com.sun.faces.config.processor.FaceletTaglibConfigProcessor processHandlerClass
WARNING: JSF1029:  Application is versioned at 2.0 (either explicitly by the version of /WEB-INF/faces-config.xml or the lack of a /WEB-INF/faces-confg.xml), however class '[handler-class: null]' depends on a legacy facelet class.  The facelet artifact represented by this class will not be registered.
Mar 2, 2011 6:49:53 PM com.sun.faces.config.processor.FaceletTaglibConfigProcessor processHandlerClass
WARNING: JSF1029:  Application is versioned at 2.0 (either explicitly by the version of /WEB-INF/faces-config.xml or the lack of a /WEB-INF/faces-confg.xml), however class '[handler-class: null]' depends on a legacy facelet class.  The facelet artifact represented by this class will not be registered.
Mar 2, 2011 6:49:53 PM com.sun.faces.config.processor.FaceletTaglibConfigProcessor processHandlerClass
WARNING: JSF1029:  Application is versioned at 2.0 (either explicitly by the version of /WEB-INF/faces-config.xml or the lack of a /WEB-INF/faces-confg.xml), however class '[handler-class: null]' depends on a legacy facelet class.  The facelet artifact represented by this class will not be registered.
Mar 2, 2011 6:49:53 PM com.sun.faces.config.processor.FaceletTaglibConfigProcessor processHandlerClass
WARNING: JSF1029:  Application is versioned at 2.0 (either explicitly by the version of /WEB-INF/faces-config.xml or the lack of a /WEB-INF/faces-confg.xml), however class '[handler-class: null]' depends on a legacy facelet class.  The facelet artifact represented by this class will not be registered.
Mar 2, 2011 6:49:54 PM org.apache.coyote.http11.Http11Protocol start
INFO: Starting Coyote HTTP/1.1 on http-8080
Mar 2, 2011 6:49:54 PM org.apache.jk.common.ChannelSocket init
INFO: JK: ajp13 listening on /0.0.0.0:8009
Mar 2, 2011 6:49:54 PM org.apache.jk.server.JkMain start
INFO: Jk running ID=0 time=0/78  config=null
Mar 2, 2011 6:49:54 PM org.apache.catalina.startup.Catalina start
INFO: Server startup in 9373 ms
Mar 2, 2011 6:50:36 PM org.apache.coyote.http11.Http11Protocol pause
INFO: Pausing Coyote HTTP/1.1 on http-8080
Mar 2, 2011 6:50:37 PM org.apache.catalina.core.StandardService stop
INFO: Stopping service Catalina
Mar 2, 2011 6:50:38 PM org.apache.coyote.http11.Http11Protocol destroy
INFO: Stopping Coyote HTTP/1.1 on http-8080
