Apr 18, 2011 9:39:40 PM org.apache.catalina.core.AprLifecycleListener init
INFO: The APR based Apache Tomcat Native library which allows optimal performance in production environments was not found on the java.library.path: C:\Program Files\Java\jdk1.6.0_24\bin;.;C:\Windows\Sun\Java\bin;C:\Windows\system32;C:\Windows;C:\Windows\system32;C:\Windows;C:\Windows\System32\Wbem;C:\Windows\System32\WindowsPowerShell\v1.0\;C:\Program Files\Broadcom\Broadcom 802.11\Driver;C:\Program Files\ATI Technologies\ATI.ACE\Core-Static;C:\Program Files\QT Lite\QTSystem
Apr 18, 2011 9:41:42 PM org.apache.catalina.core.AprLifecycleListener init
INFO: The APR based Apache Tomcat Native library which allows optimal performance in production environments was not found on the java.library.path: C:\Program Files\Java\jdk1.6.0_24\bin;.;C:\Windows\Sun\Java\bin;C:\Windows\system32;C:\Windows;C:\Windows\system32;C:\Windows;C:\Windows\System32\Wbem;C:\Windows\System32\WindowsPowerShell\v1.0\;C:\Program Files\Broadcom\Broadcom 802.11\Driver;C:\Program Files\ATI Technologies\ATI.ACE\Core-Static;C:\Program Files\QT Lite\QTSystem
Apr 18, 2011 9:41:43 PM org.apache.coyote.http11.Http11Protocol init
INFO: Initializing Coyote HTTP/1.1 on http-8080
Apr 18, 2011 9:41:43 PM org.apache.catalina.startup.Catalina load
INFO: Initialization processed in 675 ms
Apr 18, 2011 9:41:43 PM org.apache.catalina.core.StandardService start
INFO: Starting service Catalina
Apr 18, 2011 9:41:43 PM org.apache.catalina.core.StandardEngine start
INFO: Starting Servlet Engine: Apache Tomcat/6.0.20
Apr 18, 2011 9:41:44 PM org.apache.catalina.startup.HostConfig deployWAR
INFO: Deploying web application archive WorkflowManagementSystem2.war
Apr 18, 2011 9:41:47 PM com.sun.faces.config.ConfigureListener contextInitialized
INFO: Initializing Mojarra 2.0.2 (FCS b10) for context '/WorkflowManagementSystem2'
Apr 18, 2011 9:41:52 PM com.sun.faces.config.processor.FaceletTaglibConfigProcessor processComponent
WARNING: JSF1029:  Application is versioned at 2.0 (either explicitly by the version of /WEB-INF/faces-config.xml or the lack of a /WEB-INF/faces-confg.xml), however class 'org.apache.myfaces.custom.aliasbean.AliasBeanTagHandler' depends on a legacy facelet class.  The facelet artifact represented by this class will not be registered.
Apr 18, 2011 9:41:52 PM com.sun.faces.config.processor.FaceletTaglibConfigProcessor processComponent
WARNING: JSF1029:  Application is versioned at 2.0 (either explicitly by the version of /WEB-INF/faces-config.xml or the lack of a /WEB-INF/faces-confg.xml), however class 'org.apache.myfaces.custom.aliasbean.AliasBeansScopeTagHandler' depends on a legacy facelet class.  The facelet artifact represented by this class will not be registered.
Apr 18, 2011 9:41:52 PM com.sun.faces.config.processor.FaceletTaglibConfigProcessor processComponent
WARNING: JSF1029:  Application is versioned at 2.0 (either explicitly by the version of /WEB-INF/faces-config.xml or the lack of a /WEB-INF/faces-confg.xml), however class 'org.apache.myfaces.custom.schedule.ScheduleTagHandler' depends on a legacy facelet class.  The facelet artifact represented by this class will not be registered.
Apr 18, 2011 9:41:52 PM com.sun.faces.config.processor.FaceletTaglibConfigProcessor processComponent
WARNING: JSF1029:  Application is versioned at 2.0 (either explicitly by the version of /WEB-INF/faces-config.xml or the lack of a /WEB-INF/faces-confg.xml), however class 'org.apache.myfaces.custom.tabbedpane.HtmlPanelTabbedPaneTagHandler' depends on a legacy facelet class.  The facelet artifact represented by this class will not be registered.
Apr 18, 2011 9:41:52 PM com.sun.faces.config.processor.FaceletTaglibConfigProcessor processComponent
WARNING: JSF1029:  Application is versioned at 2.0 (either explicitly by the version of /WEB-INF/faces-config.xml or the lack of a /WEB-INF/faces-confg.xml), however class 'org.apache.myfaces.custom.tree.taglib.TreeTagHandler' depends on a legacy facelet class.  The facelet artifact represented by this class will not be registered.
Apr 18, 2011 9:41:52 PM com.sun.faces.config.processor.FaceletTaglibConfigProcessor processHandlerClass
WARNING: JSF1029:  Application is versioned at 2.0 (either explicitly by the version of /WEB-INF/faces-config.xml or the lack of a /WEB-INF/faces-confg.xml), however class '[handler-class: null]' depends on a legacy facelet class.  The facelet artifact represented by this class will not be registered.
Apr 18, 2011 9:41:52 PM com.sun.faces.config.processor.FaceletTaglibConfigProcessor processHandlerClass
WARNING: JSF1029:  Application is versioned at 2.0 (either explicitly by the version of /WEB-INF/faces-config.xml or the lack of a /WEB-INF/faces-confg.xml), however class '[handler-class: null]' depends on a legacy facelet class.  The facelet artifact represented by this class will not be registered.
Apr 18, 2011 9:41:52 PM com.sun.faces.config.processor.FaceletTaglibConfigProcessor processHandlerClass
WARNING: JSF1029:  Application is versioned at 2.0 (either explicitly by the version of /WEB-INF/faces-config.xml or the lack of a /WEB-INF/faces-confg.xml), however class '[handler-class: null]' depends on a legacy facelet class.  The facelet artifact represented by this class will not be registered.
Apr 18, 2011 9:41:52 PM com.sun.faces.config.processor.FaceletTaglibConfigProcessor processHandlerClass
WARNING: JSF1029:  Application is versioned at 2.0 (either explicitly by the version of /WEB-INF/faces-config.xml or the lack of a /WEB-INF/faces-confg.xml), however class '[handler-class: null]' depends on a legacy facelet class.  The facelet artifact represented by this class will not be registered.
Apr 18, 2011 9:41:53 PM org.apache.coyote.http11.Http11Protocol start
INFO: Starting Coyote HTTP/1.1 on http-8080
Apr 18, 2011 9:41:54 PM org.apache.jk.common.ChannelSocket init
INFO: JK: ajp13 listening on /0.0.0.0:8009
Apr 18, 2011 9:41:54 PM org.apache.jk.server.JkMain start
INFO: Jk running ID=0 time=0/78  config=null
Apr 18, 2011 9:41:54 PM org.apache.catalina.startup.Catalina start
INFO: Server startup in 11172 ms
