9.5.2011 13:47:07 org.apache.catalina.core.StandardContext listenerStop
SEVERE: Exception sending context destroyed event to listener instance of class com.sun.faces.config.ConfigureListener
java.lang.NoClassDefFoundError: javax/faces/event/PreDestroyApplicationEvent
	at com.sun.faces.config.ConfigureListener.contextDestroyed(ConfigureListener.java:313)
	at org.apache.catalina.core.StandardContext.listenerStop(StandardContext.java:3973)
	at org.apache.catalina.core.StandardContext.stop(StandardContext.java:4577)
	at org.apache.catalina.core.ContainerBase.removeChild(ContainerBase.java:924)
	at org.apache.catalina.startup.HostConfig.checkResources(HostConfig.java:1103)
	at org.apache.catalina.startup.HostConfig.check(HostConfig.java:1271)
	at org.apache.catalina.startup.HostConfig.lifecycleEvent(HostConfig.java:296)
	at org.apache.catalina.util.LifecycleSupport.fireLifecycleEvent(LifecycleSupport.java:119)
	at org.apache.catalina.core.ContainerBase.backgroundProcess(ContainerBase.java:1337)
	at org.apache.catalina.core.ContainerBase$ContainerBackgroundProcessor.processChildren(ContainerBase.java:1601)
	at org.apache.catalina.core.ContainerBase$ContainerBackgroundProcessor.processChildren(ContainerBase.java:1610)
	at org.apache.catalina.core.ContainerBase$ContainerBackgroundProcessor.run(ContainerBase.java:1590)
	at java.lang.Thread.run(Unknown Source)
Caused by: java.lang.ClassNotFoundException: javax.faces.event.PreDestroyApplicationEvent
	at org.apache.catalina.loader.WebappClassLoader.loadClass(WebappClassLoader.java:1387)
	at org.apache.catalina.loader.WebappClassLoader.loadClass(WebappClassLoader.java:1233)
	... 13 more
